GGG
GGW
GGF
GGZ
GGV
GGJ
GGU
GGH
GWG
GWW
GWF
GWZ
GWV
GWJ
GWU
GWH
GFG
GFW
GFF
GFZ
GFV
GFJ
GFU
GFH
GZG
GZW
GZF
GZZ
GZV
GZJ
GZU
GZH
GVG
GVW
GVF
GVZ
GVV
GVJ
GVU
GVH
GJG
GJW
GJF
GJZ
GJV
GJJ
GJU
GJH
GUG
GUW
GUF
GUZ
GUV
GUJ
GUU
GUH
GHG
GHW
GHF
GHZ
GHV
GHJ
GHU
GHH
WGG
WGW
WGF
WGZ
WGV
WGJ
WGU
WGH
WWG
WWW
WWF
WWZ
WWV
WWJ
WWU
WWH
WFG
WFW
WFF
WFZ
WFV
WFJ
WFU
WFH
WZG
WZW
WZF
WZZ
WZV
WZJ
WZU
WZH
WVG
WVW
WVF
WVZ
WVV
WVJ
WVU
WVH
WJG
WJW
WJF
WJZ
WJV
WJJ
WJU
WJH
WUG
WUW
WUF
WUZ
WUV
WUJ
WUU
WUH
WHG
WHW
WHF
WHZ
WHV
WHJ
WHU
WHH
FGG
FGW
FGF
FGZ
FGV
FGJ
FGU
FGH
FWG
FWW
FWF
FWZ
FWV
FWJ
FWU
FWH
FFG
FFW
FFF
FFZ
FFV
FFJ
FFU
FFH
FZG
FZW
FZF
FZZ
FZV
FZJ
FZU
FZH
FVG
FVW
FVF
FVZ
FVV
FVJ
FVU
FVH
FJG
FJW
FJF
FJZ
FJV
FJJ
FJU
FJH
FUG
FUW
FUF
FUZ
FUV
FUJ
FUU
FUH
FHG
FHW
FHF
FHZ
FHV
FHJ
FHU
FHH
ZGG
ZGW
ZGF
ZGZ
ZGV
ZGJ
ZGU
ZGH
ZWG
ZWW
ZWF
ZWZ
ZWV
ZWJ
ZWU
ZWH
ZFG
ZFW
ZFF
ZFZ
ZFV
ZFJ
ZFU
ZFH
ZZG
ZZW
ZZF
ZZZ
ZZV
ZZJ
ZZU
ZZH
ZVG
ZVW
ZVF
ZVZ
ZVV
ZVJ
ZVU
ZVH
ZJG
ZJW
ZJF
ZJZ
ZJV
ZJJ
ZJU
ZJH
ZUG
ZUW
ZUF
ZUZ
ZUV
ZUJ
ZUU
ZUH
ZHG
ZHW
ZHF
ZHZ
ZHV
ZHJ
ZHU
ZHH
VGG
VGW
VGF
VGZ
VGV
VGJ
VGU
VGH
VWG
VWW
VWF
VWZ
VWV
VWJ
VWU
VWH
VFG
VFW
VFF
VFZ
VFV
VFJ
VFU
VFH
VZG
VZW
VZF
VZZ
VZV
VZJ
VZU
VZH
VVG
VVW
VVF
VVZ
VVV
VVJ
VVU
VVH
VJG
VJW
VJF
VJZ
VJV
VJJ
VJU
VJH
VUG
VUW
VUF
VUZ
VUV
VUJ
VUU
VUH
VHG
VHW
VHF
VHZ
VHV
VHJ
VHU
VHH
JGG
JGW
JGF
JGZ
JGV
JGJ
JGU
JGH
JWG
JWW
JWF
JWZ
JWV
JWJ
JWU
JWH
JFG
JFW
JFF
JFZ
JFV
JFJ
JFU
JFH
JZG
JZW
JZF
JZZ
JZV
JZJ
JZU
JZH
JVG
JVW
JVF
JVZ
JVV
JVJ
JVU
JVH
JJG
JJW
JJF
JJZ
JJV
JJJ
JJU
JJH
JUG
JUW
JUF
JUZ
JUV
JUJ
JUU
JUH
JHG
JHW
JHF
JHZ
JHV
JHJ
JHU
JHH
UGG
UGW
UGF
UGZ
UGV
UGJ
UGU
UGH
UWG
UWW
UWF
UWZ
UWV
UWJ
UWU
UWH
UFG
UFW
UFF
UFZ
UFV
UFJ
UFU
UFH
UZG
UZW
UZF
UZZ
UZV
UZJ
UZU
UZH
UVG
UVW
UVF
UVZ
UVV
UVJ
UVU
UVH
UJG
UJW
UJF
UJZ
UJV
UJJ
UJU
UJH
UUG
UUW
UUF
UUZ
UUV
UUJ
UUU
UUH
UHG
UHW
UHF
UHZ
UHV
UHJ
UHU
UHH
HGG
HGW
HGF
HGZ
HGV
HGJ
HGU
HGH
HWG
HWW
HWF
HWZ
HWV
HWJ
HWU
HWH
HFG
HFW
HFF
HFZ
HFV
HFJ
HFU
HFH
HZG
HZW
HZF
HZZ
HZV
HZJ
HZU
HZH
HVG
HVW
HVF
HVZ
HVV
HVJ
HVU
HVH
HJG
HJW
HJF
HJZ
HJV
HJJ
HJU
HJH
HUG
HUW
HUF
HUZ
HUV
HUJ
HUU
HUH
HHG
HHW
HHF
HHZ
HHV
HHJ
HHU
HHH
