G
GG
GGG
GGGG
GGGJ
GGGE
GGGW
GGGU
GGGX
GGGL
GGGT
GGGY
GGGC
GGGS
GGJ
GGJG
GGJJ
GGJE
GGJW
GGJU
GGJX
GGJL
GGJT
GGJY
GGJC
GGJS
GGE
GGEG
GGEJ
GGEE
GGEW
GGEU
GGEX
GGEL
GGET
GGEY
GGEC
GGES
GGW
GGWG
GGWJ
GGWE
GGWW
GGWU
GGWX
GGWL
GGWT
GGWY
GGWC
GGWS
GGU
GGUG
GGUJ
GGUE
GGUW
GGUU
GGUX
GGUL
GGUT
GGUY
GGUC
GGUS
GGX
GGXG
GGXJ
GGXE
GGXW
GGXU
GGXX
GGXL
GGXT
GGXY
GGXC
GGXS
GGL
GGLG
GGLJ
GGLE
GGLW
GGLU
GGLX
GGLL
GGLT
GGLY
GGLC
GGLS
GGT
GGTG
GGTJ
GGTE
GGTW
GGTU
GGTX
GGTL
GGTT
GGTY
GGTC
GGTS
GGY
GGYG
GGYJ
GGYE
GGYW
GGYU
GGYX
GGYL
GGYT
GGYY
GGYC
GGYS
GGC
GGCG
GGCJ
GGCE
GGCW
GGCU
GGCX
GGCL
GGCT
GGCY
GGCC
GGCS
GGS
GGSG
GGSJ
GGSE
GGSW
GGSU
GGSX
GGSL
GGST
GGSY
GGSC
GGSS
GJ
GJG
GJGG
GJGJ
GJGE
GJGW
GJGU
GJGX
GJGL
GJGT
GJGY
GJGC
GJGS
GJJ
GJJG
GJJJ
GJJE
GJJW
GJJU
GJJX
GJJL
GJJT
GJJY
GJJC
GJJS
GJE
GJEG
GJEJ
GJEE
GJEW
GJEU
GJEX
GJEL
GJET
GJEY
GJEC
GJES
GJW
GJWG
GJWJ
GJWE
GJWW
GJWU
GJWX
GJWL
GJWT
GJWY
GJWC
GJWS
GJU
GJUG
GJUJ
GJUE
GJUW
GJUU
GJUX
GJUL
GJUT
GJUY
GJUC
GJUS
GJX
GJXG
GJXJ
GJXE
GJXW
GJXU
GJXX
GJXL
GJXT
GJXY
GJXC
GJXS
GJL
GJLG
GJLJ
GJLE
GJLW
GJLU
GJLX
GJLL
GJLT
GJLY
GJLC
GJLS
GJT
GJTG
GJTJ
GJTE
GJTW
GJTU
GJTX
GJTL
GJTT
GJTY
GJTC
GJTS
GJY
GJYG
GJYJ
GJYE
GJYW
GJYU
GJYX
GJYL
GJYT
GJYY
GJYC
GJYS
GJC
GJCG
GJCJ
GJCE
GJCW
GJCU
GJCX
GJCL
GJCT
GJCY
GJCC
GJCS
GJS
GJSG
GJSJ
GJSE
GJSW
GJSU
GJSX
GJSL
GJST
GJSY
GJSC
GJSS
GE
GEG
GEGG
GEGJ
GEGE
GEGW
GEGU
GEGX
GEGL
GEGT
GEGY
GEGC
GEGS
GEJ
GEJG
GEJJ
GEJE
GEJW
GEJU
GEJX
GEJL
GEJT
GEJY
GEJC
GEJS
GEE
GEEG
GEEJ
GEEE
GEEW
GEEU
GEEX
GEEL
GEET
GEEY
GEEC
GEES
GEW
GEWG
GEWJ
GEWE
GEWW
GEWU
GEWX
GEWL
GEWT
GEWY
GEWC
GEWS
GEU
GEUG
GEUJ
GEUE
GEUW
GEUU
GEUX
GEUL
GEUT
GEUY
GEUC
GEUS
GEX
GEXG
GEXJ
GEXE
GEXW
GEXU
GEXX
GEXL
GEXT
GEXY
GEXC
GEXS
GEL
GELG
GELJ
GELE
GELW
GELU
GELX
GELL
GELT
GELY
GELC
GELS
GET
GETG
GETJ
GETE
GETW
GETU
GETX
GETL
GETT
GETY
GETC
GETS
GEY
GEYG
GEYJ
GEYE
GEYW
GEYU
GEYX
GEYL
GEYT
GEYY
GEYC
GEYS
GEC
GECG
GECJ
GECE
GECW
GECU
GECX
GECL
GECT
GECY
GECC
GECS
GES
GESG
GESJ
GESE
GESW
GESU
GESX
GESL
GEST
GESY
GESC
GESS
GW
GWG
GWGG
GWGJ
GWGE
GWGW
GWGU
GWGX
GWGL
GWGT
GWGY
GWGC
GWGS
GWJ
GWJG
GWJJ
GWJE
GWJW
GWJU
GWJX
GWJL
GWJT
GWJY
GWJC
GWJS
GWE
GWEG
GWEJ
GWEE
GWEW
GWEU
GWEX
GWEL
GWET
GWEY
GWEC
GWES
GWW
GWWG
GWWJ
GWWE
GWWW
GWWU
GWWX
GWWL
GWWT
GWWY
GWWC
GWWS
GWU
GWUG
GWUJ
GWUE
GWUW
GWUU
GWUX
GWUL
GWUT
GWUY
GWUC
GWUS
GWX
GWXG
GWXJ
GWXE
GWXW
GWXU
GWXX
GWXL
GWXT
GWXY
GWXC
GWXS
GWL
GWLG
GWLJ
GWLE
GWLW
GWLU
GWLX
GWLL
GWLT
GWLY
GWLC
GWLS
GWT
GWTG
GWTJ
GWTE
GWTW
GWTU
GWTX
GWTL
GWTT
GWTY
GWTC
GWTS
GWY
GWYG
GWYJ
GWYE
GWYW
GWYU
GWYX
GWYL
GWYT
GWYY
GWYC
GWYS
GWC
GWCG
GWCJ
GWCE
GWCW
GWCU
GWCX
GWCL
GWCT
GWCY
GWCC
GWCS
GWS
GWSG
GWSJ
GWSE
GWSW
GWSU
GWSX
GWSL
GWST
GWSY
GWSC
GWSS
GU
GUG
GUGG
GUGJ
GUGE
GUGW
GUGU
GUGX
GUGL
GUGT
GUGY
GUGC
GUGS
GUJ
GUJG
GUJJ
GUJE
GUJW
GUJU
GUJX
GUJL
GUJT
GUJY
GUJC
GUJS
GUE
GUEG
GUEJ
GUEE
GUEW
GUEU
GUEX
GUEL
GUET
GUEY
GUEC
GUES
GUW
GUWG
GUWJ
GUWE
GUWW
GUWU
GUWX
GUWL
GUWT
GUWY
GUWC
GUWS
GUU
GUUG
GUUJ
GUUE
GUUW
GUUU
GUUX
GUUL
GUUT
GUUY
GUUC
GUUS
GUX
GUXG
GUXJ
GUXE
GUXW
GUXU
GUXX
GUXL
GUXT
GUXY
GUXC
GUXS
GUL
GULG
GULJ
GULE
GULW
GULU
GULX
GULL
GULT
GULY
GULC
GULS
GUT
GUTG
GUTJ
GUTE
GUTW
GUTU
GUTX
GUTL
GUTT
GUTY
GUTC
GUTS
GUY
GUYG
GUYJ
GUYE
GUYW
GUYU
GUYX
GUYL
GUYT
GUYY
GUYC
GUYS
GUC
GUCG
GUCJ
GUCE
GUCW
GUCU
GUCX
GUCL
GUCT
GUCY
GUCC
GUCS
GUS
GUSG
GUSJ
GUSE
GUSW
GUSU
GUSX
GUSL
GUST
GUSY
GUSC
GUSS
GX
GXG
GXGG
GXGJ
GXGE
GXGW
GXGU
GXGX
GXGL
GXGT
GXGY
GXGC
GXGS
GXJ
GXJG
GXJJ
GXJE
GXJW
GXJU
GXJX
GXJL
GXJT
GXJY
GXJC
GXJS
GXE
GXEG
GXEJ
GXEE
GXEW
GXEU
GXEX
GXEL
GXET
GXEY
GXEC
GXES
GXW
GXWG
GXWJ
GXWE
GXWW
GXWU
GXWX
GXWL
GXWT
GXWY
GXWC
GXWS
GXU
GXUG
GXUJ
GXUE
GXUW
GXUU
GXUX
GXUL
GXUT
GXUY
GXUC
GXUS
GXX
GXXG
GXXJ
GXXE
GXXW
GXXU
GXXX
GXXL
GXXT
GXXY
GXXC
GXXS
GXL
GXLG
GXLJ
GXLE
GXLW
GXLU
GXLX
GXLL
GXLT
GXLY
GXLC
GXLS
GXT
GXTG
GXTJ
GXTE
GXTW
GXTU
GXTX
GXTL
GXTT
GXTY
GXTC
GXTS
GXY
GXYG
GXYJ
GXYE
GXYW
GXYU
GXYX
GXYL
GXYT
GXYY
GXYC
GXYS
GXC
GXCG
GXCJ
GXCE
GXCW
GXCU
GXCX
GXCL
GXCT
GXCY
GXCC
GXCS
GXS
GXSG
GXSJ
GXSE
GXSW
GXSU
GXSX
GXSL
GXST
GXSY
GXSC
GXSS
GL
GLG
GLGG
GLGJ
GLGE
GLGW
GLGU
GLGX
GLGL
GLGT
GLGY
GLGC
GLGS
GLJ
GLJG
GLJJ
GLJE
GLJW
GLJU
GLJX
GLJL
GLJT
GLJY
GLJC
GLJS
GLE
GLEG
GLEJ
GLEE
GLEW
GLEU
GLEX
GLEL
GLET
GLEY
GLEC
GLES
GLW
GLWG
GLWJ
GLWE
GLWW
GLWU
GLWX
GLWL
GLWT
GLWY
GLWC
GLWS
GLU
GLUG
GLUJ
GLUE
GLUW
GLUU
GLUX
GLUL
GLUT
GLUY
GLUC
GLUS
GLX
GLXG
GLXJ
GLXE
GLXW
GLXU
GLXX
GLXL
GLXT
GLXY
GLXC
GLXS
GLL
GLLG
GLLJ
GLLE
GLLW
GLLU
GLLX
GLLL
GLLT
GLLY
GLLC
GLLS
GLT
GLTG
GLTJ
GLTE
GLTW
GLTU
GLTX
GLTL
GLTT
GLTY
GLTC
GLTS
GLY
GLYG
GLYJ
GLYE
GLYW
GLYU
GLYX
GLYL
GLYT
GLYY
GLYC
GLYS
GLC
GLCG
GLCJ
GLCE
GLCW
GLCU
GLCX
GLCL
GLCT
GLCY
GLCC
GLCS
GLS
GLSG
GLSJ
GLSE
GLSW
GLSU
GLSX
GLSL
GLST
GLSY
GLSC
GLSS
GT
GTG
GTGG
GTGJ
GTGE
GTGW
GTGU
GTGX
GTGL
GTGT
GTGY
GTGC
GTGS
GTJ
GTJG
GTJJ
GTJE
GTJW
GTJU
GTJX
GTJL
GTJT
GTJY
GTJC
GTJS
GTE
GTEG
GTEJ
GTEE
GTEW
GTEU
GTEX
GTEL
GTET
GTEY
GTEC
GTES
GTW
GTWG
GTWJ
GTWE
GTWW
GTWU
GTWX
GTWL
GTWT
GTWY
GTWC
GTWS
GTU
GTUG
GTUJ
GTUE
GTUW
GTUU
GTUX
GTUL
GTUT
GTUY
GTUC
GTUS
GTX
GTXG
GTXJ
GTXE
GTXW
GTXU
GTXX
GTXL
GTXT
GTXY
GTXC
GTXS
GTL
GTLG
GTLJ
GTLE
GTLW
GTLU
GTLX
GTLL
GTLT
GTLY
GTLC
GTLS
GTT
GTTG
GTTJ
GTTE
GTTW
GTTU
GTTX
GTTL
GTTT
GTTY
GTTC
GTTS
GTY
GTYG
GTYJ
GTYE
GTYW
GTYU
GTYX
GTYL
GTYT
GTYY
GTYC
GTYS
GTC
GTCG
GTCJ
GTCE
GTCW
GTCU
GTCX
GTCL
GTCT
GTCY
GTCC
GTCS
GTS
GTSG
GTSJ
GTSE
GTSW
GTSU
GTSX
GTSL
GTST
GTSY
GTSC
GTSS
GY
GYG
GYGG
GYGJ
GYGE
GYGW
GYGU
GYGX
GYGL
GYGT
GYGY
GYGC
GYGS
GYJ
GYJG
GYJJ
GYJE
GYJW
GYJU
GYJX
GYJL
GYJT
GYJY
GYJC
GYJS
GYE
GYEG
GYEJ
GYEE
GYEW
GYEU
GYEX
GYEL
GYET
GYEY
GYEC
GYES
GYW
GYWG
GYWJ
GYWE
GYWW
GYWU
GYWX
GYWL
GYWT
GYWY
GYWC
GYWS
GYU
GYUG
GYUJ
GYUE
GYUW
GYUU
GYUX
GYUL
GYUT
GYUY
GYUC
GYUS
GYX
GYXG
GYXJ
GYXE
GYXW
GYXU
GYXX
GYXL
GYXT
GYXY
GYXC
GYXS
GYL
GYLG
GYLJ
GYLE
GYLW
GYLU
GYLX
GYLL
GYLT
GYLY
GYLC
GYLS
GYT
GYTG
GYTJ
GYTE
GYTW
GYTU
GYTX
GYTL
GYTT
GYTY
GYTC
GYTS
GYY
GYYG
GYYJ
GYYE
GYYW
GYYU
GYYX
GYYL
GYYT
GYYY
GYYC
GYYS
GYC
GYCG
GYCJ
GYCE
GYCW
GYCU
GYCX
GYCL
GYCT
GYCY
GYCC
GYCS
GYS
GYSG
GYSJ
GYSE
GYSW
GYSU
GYSX
GYSL
GYST
GYSY
GYSC
GYSS
GC
GCG
GCGG
GCGJ
GCGE
GCGW
GCGU
GCGX
GCGL
GCGT
GCGY
GCGC
GCGS
GCJ
GCJG
GCJJ
GCJE
GCJW
GCJU
GCJX
GCJL
GCJT
GCJY
GCJC
GCJS
GCE
GCEG
GCEJ
GCEE
GCEW
GCEU
GCEX
GCEL
GCET
GCEY
GCEC
GCES
GCW
GCWG
GCWJ
GCWE
GCWW
GCWU
GCWX
GCWL
GCWT
GCWY
GCWC
GCWS
GCU
GCUG
GCUJ
GCUE
GCUW
GCUU
GCUX
GCUL
GCUT
GCUY
GCUC
GCUS
GCX
GCXG
GCXJ
GCXE
GCXW
GCXU
GCXX
GCXL
GCXT
GCXY
GCXC
GCXS
GCL
GCLG
GCLJ
GCLE
GCLW
GCLU
GCLX
GCLL
GCLT
GCLY
GCLC
GCLS
GCT
GCTG
GCTJ
GCTE
GCTW
GCTU
GCTX
GCTL
GCTT
GCTY
GCTC
GCTS
GCY
GCYG
GCYJ
GCYE
GCYW
GCYU
GCYX
GCYL
GCYT
GCYY
GCYC
GCYS
GCC
GCCG
GCCJ
GCCE
GCCW
GCCU
GCCX
GCCL
GCCT
GCCY
GCCC
GCCS
GCS
GCSG
GCSJ
GCSE
GCSW
GCSU
GCSX
GCSL
GCST
GCSY
GCSC
GCSS
GS
GSG
GSGG
GSGJ
GSGE
GSGW
GSGU
GSGX
GSGL
GSGT
GSGY
GSGC
GSGS
GSJ
GSJG
GSJJ
GSJE
GSJW
GSJU
GSJX
GSJL
GSJT
GSJY
GSJC
GSJS
GSE
GSEG
GSEJ
GSEE
GSEW
GSEU
GSEX
GSEL
GSET
GSEY
GSEC
GSES
GSW
GSWG
GSWJ
GSWE
GSWW
GSWU
GSWX
GSWL
GSWT
GSWY
GSWC
GSWS
GSU
GSUG
GSUJ
GSUE
GSUW
GSUU
GSUX
GSUL
GSUT
GSUY
GSUC
GSUS
GSX
GSXG
GSXJ
GSXE
GSXW
GSXU
GSXX
GSXL
GSXT
GSXY
GSXC
GSXS
GSL
GSLG
GSLJ
GSLE
GSLW
GSLU
GSLX
GSLL
GSLT
GSLY
GSLC
GSLS
GST
GSTG
GSTJ
GSTE
GSTW
GSTU
GSTX
GSTL
GSTT
GSTY
GSTC
GSTS
GSY
GSYG
GSYJ
GSYE
GSYW
GSYU
GSYX
GSYL
GSYT
GSYY
GSYC
GSYS
GSC
GSCG
GSCJ
GSCE
GSCW
GSCU
GSCX
GSCL
GSCT
GSCY
GSCC
GSCS
GSS
GSSG
GSSJ
GSSE
GSSW
GSSU
GSSX
GSSL
GSST
GSSY
GSSC
GSSS
J
JG
JGG
JGGG
JGGJ
JGGE
JGGW
JGGU
JGGX
JGGL
JGGT
JGGY
JGGC
JGGS
JGJ
JGJG
JGJJ
JGJE
JGJW
JGJU
JGJX
JGJL
JGJT
JGJY
JGJC
JGJS
JGE
JGEG
JGEJ
JGEE
JGEW
JGEU
JGEX
JGEL
JGET
JGEY
JGEC
JGES
JGW
JGWG
JGWJ
JGWE
JGWW
JGWU
JGWX
JGWL
JGWT
JGWY
JGWC
JGWS
JGU
JGUG
JGUJ
JGUE
JGUW
JGUU
JGUX
JGUL
JGUT
JGUY
JGUC
JGUS
JGX
JGXG
JGXJ
JGXE
JGXW
JGXU
JGXX
JGXL
JGXT
JGXY
JGXC
JGXS
JGL
JGLG
JGLJ
JGLE
JGLW
JGLU
JGLX
JGLL
JGLT
JGLY
JGLC
JGLS
JGT
JGTG
JGTJ
JGTE
JGTW
JGTU
JGTX
JGTL
JGTT
JGTY
JGTC
JGTS
JGY
JGYG
JGYJ
JGYE
JGYW
JGYU
JGYX
JGYL
JGYT
JGYY
JGYC
JGYS
JGC
JGCG
JGCJ
JGCE
JGCW
JGCU
JGCX
JGCL
JGCT
JGCY
JGCC
JGCS
JGS
JGSG
JGSJ
JGSE
JGSW
JGSU
JGSX
JGSL
JGST
JGSY
JGSC
JGSS
JJ
JJG
JJGG
JJGJ
JJGE
JJGW
JJGU
JJGX
JJGL
JJGT
JJGY
JJGC
JJGS
JJJ
JJJG
JJJJ
JJJE
JJJW
JJJU
JJJX
JJJL
JJJT
JJJY
JJJC
JJJS
JJE
JJEG
JJEJ
JJEE
JJEW
JJEU
JJEX
JJEL
JJET
JJEY
JJEC
JJES
JJW
JJWG
JJWJ
JJWE
JJWW
JJWU
JJWX
JJWL
JJWT
JJWY
JJWC
JJWS
JJU
JJUG
JJUJ
JJUE
JJUW
JJUU
JJUX
JJUL
JJUT
JJUY
JJUC
JJUS
JJX
JJXG
JJXJ
JJXE
JJXW
JJXU
JJXX
JJXL
JJXT
JJXY
JJXC
JJXS
JJL
JJLG
JJLJ
JJLE
JJLW
JJLU
JJLX
JJLL
JJLT
JJLY
JJLC
JJLS
JJT
JJTG
JJTJ
JJTE
JJTW
JJTU
JJTX
JJTL
JJTT
JJTY
JJTC
JJTS
JJY
JJYG
JJYJ
JJYE
JJYW
JJYU
JJYX
JJYL
JJYT
JJYY
JJYC
JJYS
JJC
JJCG
JJCJ
JJCE
JJCW
JJCU
JJCX
JJCL
JJCT
JJCY
JJCC
JJCS
JJS
JJSG
JJSJ
JJSE
JJSW
JJSU
JJSX
JJSL
JJST
JJSY
JJSC
JJSS
JE
JEG
JEGG
JEGJ
JEGE
JEGW
JEGU
JEGX
JEGL
JEGT
JEGY
JEGC
JEGS
JEJ
JEJG
JEJJ
JEJE
JEJW
JEJU
JEJX
JEJL
JEJT
JEJY
JEJC
JEJS
JEE
JEEG
JEEJ
JEEE
JEEW
JEEU
JEEX
JEEL
JEET
JEEY
JEEC
JEES
JEW
JEWG
JEWJ
JEWE
JEWW
JEWU
JEWX
JEWL
JEWT
JEWY
JEWC
JEWS
JEU
JEUG
JEUJ
JEUE
JEUW
JEUU
JEUX
JEUL
JEUT
JEUY
JEUC
JEUS
JEX
JEXG
JEXJ
JEXE
JEXW
JEXU
JEXX
JEXL
JEXT
JEXY
JEXC
JEXS
JEL
JELG
JELJ
JELE
JELW
JELU
JELX
JELL
JELT
JELY
JELC
JELS
JET
JETG
JETJ
JETE
JETW
JETU
JETX
JETL
JETT
JETY
JETC
JETS
JEY
JEYG
JEYJ
JEYE
JEYW
JEYU
JEYX
JEYL
JEYT
JEYY
JEYC
JEYS
JEC
JECG
JECJ
JECE
JECW
JECU
JECX
JECL
JECT
JECY
JECC
JECS
JES
JESG
JESJ
JESE
JESW
JESU
JESX
JESL
JEST
JESY
JESC
JESS
JW
JWG
JWGG
JWGJ
JWGE
JWGW
JWGU
JWGX
JWGL
JWGT
JWGY
JWGC
JWGS
JWJ
JWJG
JWJJ
JWJE
JWJW
JWJU
JWJX
JWJL
JWJT
JWJY
JWJC
JWJS
JWE
JWEG
JWEJ
JWEE
JWEW
JWEU
JWEX
JWEL
JWET
JWEY
JWEC
JWES
JWW
JWWG
JWWJ
JWWE
JWWW
JWWU
JWWX
JWWL
JWWT
JWWY
JWWC
JWWS
JWU
JWUG
JWUJ
JWUE
JWUW
JWUU
JWUX
JWUL
JWUT
JWUY
JWUC
JWUS
JWX
JWXG
JWXJ
JWXE
JWXW
JWXU
JWXX
JWXL
JWXT
JWXY
JWXC
JWXS
JWL
JWLG
JWLJ
JWLE
JWLW
JWLU
JWLX
JWLL
JWLT
JWLY
JWLC
JWLS
JWT
JWTG
JWTJ
JWTE
JWTW
JWTU
JWTX
JWTL
JWTT
JWTY
JWTC
JWTS
JWY
JWYG
JWYJ
JWYE
JWYW
JWYU
JWYX
JWYL
JWYT
JWYY
JWYC
JWYS
JWC
JWCG
JWCJ
JWCE
JWCW
JWCU
JWCX
JWCL
JWCT
JWCY
JWCC
JWCS
JWS
JWSG
JWSJ
JWSE
JWSW
JWSU
JWSX
JWSL
JWST
JWSY
JWSC
JWSS
JU
JUG
JUGG
JUGJ
JUGE
JUGW
JUGU
JUGX
JUGL
JUGT
JUGY
JUGC
JUGS
JUJ
JUJG
JUJJ
JUJE
JUJW
JUJU
JUJX
JUJL
JUJT
JUJY
JUJC
JUJS
JUE
JUEG
JUEJ
JUEE
JUEW
JUEU
JUEX
JUEL
JUET
JUEY
JUEC
JUES
JUW
JUWG
JUWJ
JUWE
JUWW
JUWU
JUWX
JUWL
JUWT
JUWY
JUWC
JUWS
JUU
JUUG
JUUJ
JUUE
JUUW
JUUU
JUUX
JUUL
JUUT
JUUY
JUUC
JUUS
JUX
JUXG
JUXJ
JUXE
JUXW
JUXU
JUXX
JUXL
JUXT
JUXY
JUXC
JUXS
JUL
JULG
JULJ
JULE
JULW
JULU
JULX
JULL
JULT
JULY
JULC
JULS
JUT
JUTG
JUTJ
JUTE
JUTW
JUTU
JUTX
JUTL
JUTT
JUTY
JUTC
JUTS
JUY
JUYG
JUYJ
JUYE
JUYW
JUYU
JUYX
JUYL
JUYT
JUYY
JUYC
JUYS
JUC
JUCG
JUCJ
JUCE
JUCW
JUCU
JUCX
JUCL
JUCT
JUCY
JUCC
JUCS
JUS
JUSG
JUSJ
JUSE
JUSW
JUSU
JUSX
JUSL
JUST
JUSY
JUSC
JUSS
JX
JXG
JXGG
JXGJ
JXGE
JXGW
JXGU
JXGX
JXGL
JXGT
JXGY
JXGC
JXGS
JXJ
JXJG
JXJJ
JXJE
JXJW
JXJU
JXJX
JXJL
JXJT
JXJY
JXJC
JXJS
JXE
JXEG
JXEJ
JXEE
JXEW
JXEU
JXEX
JXEL
JXET
JXEY
JXEC
JXES
JXW
JXWG
JXWJ
JXWE
JXWW
JXWU
JXWX
JXWL
JXWT
JXWY
JXWC
JXWS
JXU
JXUG
JXUJ
JXUE
JXUW
JXUU
JXUX
JXUL
JXUT
JXUY
JXUC
JXUS
JXX
JXXG
JXXJ
JXXE
JXXW
JXXU
JXXX
JXXL
JXXT
JXXY
JXXC
JXXS
JXL
JXLG
JXLJ
JXLE
JXLW
JXLU
JXLX
JXLL
JXLT
JXLY
JXLC
JXLS
JXT
JXTG
JXTJ
JXTE
JXTW
JXTU
JXTX
JXTL
JXTT
JXTY
JXTC
JXTS
JXY
JXYG
JXYJ
JXYE
JXYW
JXYU
JXYX
JXYL
JXYT
JXYY
JXYC
JXYS
JXC
JXCG
JXCJ
JXCE
JXCW
JXCU
JXCX
JXCL
JXCT
JXCY
JXCC
JXCS
JXS
JXSG
JXSJ
JXSE
JXSW
JXSU
JXSX
JXSL
JXST
JXSY
JXSC
JXSS
JL
JLG
JLGG
JLGJ
JLGE
JLGW
JLGU
JLGX
JLGL
JLGT
JLGY
JLGC
JLGS
JLJ
JLJG
JLJJ
JLJE
JLJW
JLJU
JLJX
JLJL
JLJT
JLJY
JLJC
JLJS
JLE
JLEG
JLEJ
JLEE
JLEW
JLEU
JLEX
JLEL
JLET
JLEY
JLEC
JLES
JLW
JLWG
JLWJ
JLWE
JLWW
JLWU
JLWX
JLWL
JLWT
JLWY
JLWC
JLWS
JLU
JLUG
JLUJ
JLUE
JLUW
JLUU
JLUX
JLUL
JLUT
JLUY
JLUC
JLUS
JLX
JLXG
JLXJ
JLXE
JLXW
JLXU
JLXX
JLXL
JLXT
JLXY
JLXC
JLXS
JLL
JLLG
JLLJ
JLLE
JLLW
JLLU
JLLX
JLLL
JLLT
JLLY
JLLC
JLLS
JLT
JLTG
JLTJ
JLTE
JLTW
JLTU
JLTX
JLTL
JLTT
JLTY
JLTC
JLTS
JLY
JLYG
JLYJ
JLYE
JLYW
JLYU
JLYX
JLYL
JLYT
JLYY
JLYC
JLYS
JLC
JLCG
JLCJ
JLCE
JLCW
JLCU
JLCX
JLCL
JLCT
JLCY
JLCC
JLCS
JLS
JLSG
JLSJ
JLSE
JLSW
JLSU
JLSX
JLSL
JLST
JLSY
JLSC
JLSS
JT
JTG
JTGG
JTGJ
JTGE
JTGW
JTGU
JTGX
JTGL
JTGT
JTGY
JTGC
JTGS
JTJ
JTJG
JTJJ
JTJE
JTJW
JTJU
JTJX
JTJL
JTJT
JTJY
JTJC
JTJS
JTE
JTEG
JTEJ
JTEE
JTEW
JTEU
JTEX
JTEL
JTET
JTEY
JTEC
JTES
JTW
JTWG
JTWJ
JTWE
JTWW
JTWU
JTWX
JTWL
JTWT
JTWY
JTWC
JTWS
JTU
JTUG
JTUJ
JTUE
JTUW
JTUU
JTUX
JTUL
JTUT
JTUY
JTUC
JTUS
JTX
JTXG
JTXJ
JTXE
JTXW
JTXU
JTXX
JTXL
JTXT
JTXY
JTXC
JTXS
JTL
JTLG
JTLJ
JTLE
JTLW
JTLU
JTLX
JTLL
JTLT
JTLY
JTLC
JTLS
JTT
JTTG
JTTJ
JTTE
JTTW
JTTU
JTTX
JTTL
JTTT
JTTY
JTTC
JTTS
JTY
JTYG
JTYJ
JTYE
JTYW
JTYU
JTYX
JTYL
JTYT
JTYY
JTYC
JTYS
JTC
JTCG
JTCJ
JTCE
JTCW
JTCU
JTCX
JTCL
JTCT
JTCY
JTCC
JTCS
JTS
JTSG
JTSJ
JTSE
JTSW
JTSU
JTSX
JTSL
JTST
JTSY
JTSC
JTSS
JY
JYG
JYGG
JYGJ
JYGE
JYGW
JYGU
JYGX
JYGL
JYGT
JYGY
JYGC
JYGS
JYJ
JYJG
JYJJ
JYJE
JYJW
JYJU
JYJX
JYJL
JYJT
JYJY
JYJC
JYJS
JYE
JYEG
JYEJ
JYEE
JYEW
JYEU
JYEX
JYEL
JYET
JYEY
JYEC
JYES
JYW
JYWG
JYWJ
JYWE
JYWW
JYWU
JYWX
JYWL
JYWT
JYWY
JYWC
JYWS
JYU
JYUG
JYUJ
JYUE
JYUW
JYUU
JYUX
JYUL
JYUT
JYUY
JYUC
JYUS
JYX
JYXG
JYXJ
JYXE
JYXW
JYXU
JYXX
JYXL
JYXT
JYXY
JYXC
JYXS
JYL
JYLG
JYLJ
JYLE
JYLW
JYLU
JYLX
JYLL
JYLT
JYLY
JYLC
JYLS
JYT
JYTG
JYTJ
JYTE
JYTW
JYTU
JYTX
JYTL
JYTT
JYTY
JYTC
JYTS
JYY
JYYG
JYYJ
JYYE
JYYW
JYYU
JYYX
JYYL
JYYT
JYYY
JYYC
JYYS
JYC
JYCG
JYCJ
JYCE
JYCW
JYCU
JYCX
JYCL
JYCT
JYCY
JYCC
JYCS
JYS
JYSG
JYSJ
JYSE
JYSW
JYSU
JYSX
JYSL
JYST
JYSY
JYSC
JYSS
JC
JCG
JCGG
JCGJ
JCGE
JCGW
JCGU
JCGX
JCGL
JCGT
JCGY
JCGC
JCGS
JCJ
JCJG
JCJJ
JCJE
JCJW
JCJU
JCJX
JCJL
JCJT
JCJY
JCJC
JCJS
JCE
JCEG
JCEJ
JCEE
JCEW
JCEU
JCEX
JCEL
JCET
JCEY
JCEC
JCES
JCW
JCWG
JCWJ
JCWE
JCWW
JCWU
JCWX
JCWL
JCWT
JCWY
JCWC
JCWS
JCU
JCUG
JCUJ
JCUE
JCUW
JCUU
JCUX
JCUL
JCUT
JCUY
JCUC
JCUS
JCX
JCXG
JCXJ
JCXE
JCXW
JCXU
JCXX
JCXL
JCXT
JCXY
JCXC
JCXS
JCL
JCLG
JCLJ
JCLE
JCLW
JCLU
JCLX
JCLL
JCLT
JCLY
JCLC
JCLS
JCT
JCTG
JCTJ
JCTE
JCTW
JCTU
JCTX
JCTL
JCTT
JCTY
JCTC
JCTS
JCY
JCYG
JCYJ
JCYE
JCYW
JCYU
JCYX
JCYL
JCYT
JCYY
JCYC
JCYS
JCC
JCCG
JCCJ
JCCE
JCCW
JCCU
JCCX
JCCL
JCCT
JCCY
JCCC
JCCS
JCS
JCSG
JCSJ
JCSE
JCSW
JCSU
JCSX
JCSL
JCST
JCSY
JCSC
JCSS
JS
JSG
JSGG
JSGJ
JSGE
JSGW
JSGU
JSGX
JSGL
JSGT
JSGY
JSGC
JSGS
JSJ
JSJG
JSJJ
JSJE
JSJW
JSJU
JSJX
JSJL
JSJT
JSJY
JSJC
JSJS
JSE
JSEG
JSEJ
JSEE
JSEW
JSEU
JSEX
JSEL
JSET
JSEY
JSEC
JSES
JSW
JSWG
JSWJ
JSWE
JSWW
JSWU
JSWX
JSWL
JSWT
JSWY
JSWC
JSWS
JSU
JSUG
JSUJ
JSUE
JSUW
JSUU
JSUX
JSUL
JSUT
JSUY
JSUC
JSUS
JSX
JSXG
JSXJ
JSXE
JSXW
JSXU
JSXX
JSXL
JSXT
JSXY
JSXC
JSXS
JSL
JSLG
JSLJ
JSLE
JSLW
JSLU
JSLX
JSLL
JSLT
JSLY
JSLC
JSLS
JST
JSTG
JSTJ
JSTE
JSTW
JSTU
JSTX
JSTL
JSTT
JSTY
JSTC
JSTS
JSY
JSYG
JSYJ
JSYE
JSYW
JSYU
JSYX
JSYL
JSYT
JSYY
JSYC
JSYS
JSC
JSCG
JSCJ
JSCE
JSCW
JSCU
JSCX
JSCL
JSCT
JSCY
JSCC
JSCS
JSS
JSSG
JSSJ
JSSE
JSSW
JSSU
JSSX
JSSL
JSST
JSSY
JSSC
JSSS
E
EG
EGG
EGGG
EGGJ
EGGE
EGGW
EGGU
EGGX
EGGL
EGGT
EGGY
EGGC
EGGS
EGJ
EGJG
EGJJ
EGJE
EGJW
EGJU
EGJX
EGJL
EGJT
EGJY
EGJC
EGJS
EGE
EGEG
EGEJ
EGEE
EGEW
EGEU
EGEX
EGEL
EGET
EGEY
EGEC
EGES
EGW
EGWG
EGWJ
EGWE
EGWW
EGWU
EGWX
EGWL
EGWT
EGWY
EGWC
EGWS
EGU
EGUG
EGUJ
EGUE
EGUW
EGUU
EGUX
EGUL
EGUT
EGUY
EGUC
EGUS
EGX
EGXG
EGXJ
EGXE
EGXW
EGXU
EGXX
EGXL
EGXT
EGXY
EGXC
EGXS
EGL
EGLG
EGLJ
EGLE
EGLW
EGLU
EGLX
EGLL
EGLT
EGLY
EGLC
EGLS
EGT
EGTG
EGTJ
EGTE
EGTW
EGTU
EGTX
EGTL
EGTT
EGTY
EGTC
EGTS
EGY
EGYG
EGYJ
EGYE
EGYW
EGYU
EGYX
EGYL
EGYT
EGYY
EGYC
EGYS
EGC
EGCG
EGCJ
EGCE
EGCW
EGCU
EGCX
EGCL
EGCT
EGCY
EGCC
EGCS
EGS
EGSG
EGSJ
EGSE
EGSW
EGSU
EGSX
EGSL
EGST
EGSY
EGSC
EGSS
EJ
EJG
EJGG
EJGJ
EJGE
EJGW
EJGU
EJGX
EJGL
EJGT
EJGY
EJGC
EJGS
EJJ
EJJG
EJJJ
EJJE
EJJW
EJJU
EJJX
EJJL
EJJT
EJJY
EJJC
EJJS
EJE
EJEG
EJEJ
EJEE
EJEW
EJEU
EJEX
EJEL
EJET
EJEY
EJEC
EJES
EJW
EJWG
EJWJ
EJWE
EJWW
EJWU
EJWX
EJWL
EJWT
EJWY
EJWC
EJWS
EJU
EJUG
EJUJ
EJUE
EJUW
EJUU
EJUX
EJUL
EJUT
EJUY
EJUC
EJUS
EJX
EJXG
EJXJ
EJXE
EJXW
EJXU
EJXX
EJXL
EJXT
EJXY
EJXC
EJXS
EJL
EJLG
EJLJ
EJLE
EJLW
EJLU
EJLX
EJLL
EJLT
EJLY
EJLC
EJLS
EJT
EJTG
EJTJ
EJTE
EJTW
EJTU
EJTX
EJTL
EJTT
EJTY
EJTC
EJTS
EJY
EJYG
EJYJ
EJYE
EJYW
EJYU
EJYX
EJYL
EJYT
EJYY
EJYC
EJYS
EJC
EJCG
EJCJ
EJCE
EJCW
EJCU
EJCX
EJCL
EJCT
EJCY
EJCC
EJCS
EJS
EJSG
EJSJ
EJSE
EJSW
EJSU
EJSX
EJSL
EJST
EJSY
EJSC
EJSS
EE
EEG
EEGG
EEGJ
EEGE
EEGW
EEGU
EEGX
EEGL
EEGT
EEGY
EEGC
EEGS
EEJ
EEJG
EEJJ
EEJE
EEJW
EEJU
EEJX
EEJL
EEJT
EEJY
EEJC
EEJS
EEE
EEEG
EEEJ
EEEE
EEEW
EEEU
EEEX
EEEL
EEET
EEEY
EEEC
EEES
EEW
EEWG
EEWJ
EEWE
EEWW
EEWU
EEWX
EEWL
EEWT
EEWY
EEWC
EEWS
EEU
EEUG
EEUJ
EEUE
EEUW
EEUU
EEUX
EEUL
EEUT
EEUY
EEUC
EEUS
EEX
EEXG
EEXJ
EEXE
EEXW
EEXU
EEXX
EEXL
EEXT
EEXY
EEXC
EEXS
EEL
EELG
EELJ
EELE
EELW
EELU
EELX
EELL
EELT
EELY
EELC
EELS
EET
EETG
EETJ
EETE
EETW
EETU
EETX
EETL
EETT
EETY
EETC
EETS
EEY
EEYG
EEYJ
EEYE
EEYW
EEYU
EEYX
EEYL
EEYT
EEYY
EEYC
EEYS
EEC
EECG
EECJ
EECE
EECW
EECU
EECX
EECL
EECT
EECY
EECC
EECS
EES
EESG
EESJ
EESE
EESW
EESU
EESX
EESL
EEST
EESY
EESC
EESS
EW
EWG
EWGG
EWGJ
EWGE
EWGW
EWGU
EWGX
EWGL
EWGT
EWGY
EWGC
EWGS
EWJ
EWJG
EWJJ
EWJE
EWJW
EWJU
EWJX
EWJL
EWJT
EWJY
EWJC
EWJS
EWE
EWEG
EWEJ
EWEE
EWEW
EWEU
EWEX
EWEL
EWET
EWEY
EWEC
EWES
EWW
EWWG
EWWJ
EWWE
EWWW
EWWU
EWWX
EWWL
EWWT
EWWY
EWWC
EWWS
EWU
EWUG
EWUJ
EWUE
EWUW
EWUU
EWUX
EWUL
EWUT
EWUY
EWUC
EWUS
EWX
EWXG
EWXJ
EWXE
EWXW
EWXU
EWXX
EWXL
EWXT
EWXY
EWXC
EWXS
EWL
EWLG
EWLJ
EWLE
EWLW
EWLU
EWLX
EWLL
EWLT
EWLY
EWLC
EWLS
EWT
EWTG
EWTJ
EWTE
EWTW
EWTU
EWTX
EWTL
EWTT
EWTY
EWTC
EWTS
EWY
EWYG
EWYJ
EWYE
EWYW
EWYU
EWYX
EWYL
EWYT
EWYY
EWYC
EWYS
EWC
EWCG
EWCJ
EWCE
EWCW
EWCU
EWCX
EWCL
EWCT
EWCY
EWCC
EWCS
EWS
EWSG
EWSJ
EWSE
EWSW
EWSU
EWSX
EWSL
EWST
EWSY
EWSC
EWSS
EU
EUG
EUGG
EUGJ
EUGE
EUGW
EUGU
EUGX
EUGL
EUGT
EUGY
EUGC
EUGS
EUJ
EUJG
EUJJ
EUJE
EUJW
EUJU
EUJX
EUJL
EUJT
EUJY
EUJC
EUJS
EUE
EUEG
EUEJ
EUEE
EUEW
EUEU
EUEX
EUEL
EUET
EUEY
EUEC
EUES
EUW
EUWG
EUWJ
EUWE
EUWW
EUWU
EUWX
EUWL
EUWT
EUWY
EUWC
EUWS
EUU
EUUG
EUUJ
EUUE
EUUW
EUUU
EUUX
EUUL
EUUT
EUUY
EUUC
EUUS
EUX
EUXG
EUXJ
EUXE
EUXW
EUXU
EUXX
EUXL
EUXT
EUXY
EUXC
EUXS
EUL
EULG
EULJ
EULE
EULW
EULU
EULX
EULL
EULT
EULY
EULC
EULS
EUT
EUTG
EUTJ
EUTE
EUTW
EUTU
EUTX
EUTL
EUTT
EUTY
EUTC
EUTS
EUY
EUYG
EUYJ
EUYE
EUYW
EUYU
EUYX
EUYL
EUYT
EUYY
EUYC
EUYS
EUC
EUCG
EUCJ
EUCE
EUCW
EUCU
EUCX
EUCL
EUCT
EUCY
EUCC
EUCS
EUS
EUSG
EUSJ
EUSE
EUSW
EUSU
EUSX
EUSL
EUST
EUSY
EUSC
EUSS
EX
EXG
EXGG
EXGJ
EXGE
EXGW
EXGU
EXGX
EXGL
EXGT
EXGY
EXGC
EXGS
EXJ
EXJG
EXJJ
EXJE
EXJW
EXJU
EXJX
EXJL
EXJT
EXJY
EXJC
EXJS
EXE
EXEG
EXEJ
EXEE
EXEW
EXEU
EXEX
EXEL
EXET
EXEY
EXEC
EXES
EXW
EXWG
EXWJ
EXWE
EXWW
EXWU
EXWX
EXWL
EXWT
EXWY
EXWC
EXWS
EXU
EXUG
EXUJ
EXUE
EXUW
EXUU
EXUX
EXUL
EXUT
EXUY
EXUC
EXUS
EXX
EXXG
EXXJ
EXXE
EXXW
EXXU
EXXX
EXXL
EXXT
EXXY
EXXC
EXXS
EXL
EXLG
EXLJ
EXLE
EXLW
EXLU
EXLX
EXLL
EXLT
EXLY
EXLC
EXLS
EXT
EXTG
EXTJ
EXTE
EXTW
EXTU
EXTX
EXTL
EXTT
EXTY
EXTC
EXTS
EXY
EXYG
EXYJ
EXYE
EXYW
EXYU
EXYX
EXYL
EXYT
EXYY
EXYC
EXYS
EXC
EXCG
EXCJ
EXCE
EXCW
EXCU
EXCX
EXCL
EXCT
EXCY
EXCC
EXCS
EXS
EXSG
EXSJ
EXSE
EXSW
EXSU
EXSX
EXSL
EXST
EXSY
EXSC
EXSS
EL
ELG
ELGG
ELGJ
ELGE
ELGW
ELGU
ELGX
ELGL
ELGT
ELGY
ELGC
ELGS
ELJ
ELJG
ELJJ
ELJE
ELJW
ELJU
ELJX
ELJL
ELJT
ELJY
ELJC
ELJS
ELE
ELEG
ELEJ
ELEE
ELEW
ELEU
ELEX
ELEL
ELET
ELEY
ELEC
ELES
ELW
ELWG
ELWJ
ELWE
ELWW
ELWU
ELWX
ELWL
ELWT
ELWY
ELWC
ELWS
ELU
ELUG
ELUJ
ELUE
ELUW
ELUU
ELUX
ELUL
ELUT
ELUY
ELUC
ELUS
ELX
ELXG
ELXJ
ELXE
ELXW
ELXU
ELXX
ELXL
ELXT
ELXY
ELXC
ELXS
ELL
ELLG
ELLJ
ELLE
ELLW
ELLU
ELLX
ELLL
ELLT
ELLY
ELLC
ELLS
ELT
ELTG
ELTJ
ELTE
ELTW
ELTU
ELTX
ELTL
ELTT
ELTY
ELTC
ELTS
ELY
ELYG
ELYJ
ELYE
ELYW
ELYU
ELYX
ELYL
ELYT
ELYY
ELYC
ELYS
ELC
ELCG
ELCJ
ELCE
ELCW
ELCU
ELCX
ELCL
ELCT
ELCY
ELCC
ELCS
ELS
ELSG
ELSJ
ELSE
ELSW
ELSU
ELSX
ELSL
ELST
ELSY
ELSC
ELSS
ET
ETG
ETGG
ETGJ
ETGE
ETGW
ETGU
ETGX
ETGL
ETGT
ETGY
ETGC
ETGS
ETJ
ETJG
ETJJ
ETJE
ETJW
ETJU
ETJX
ETJL
ETJT
ETJY
ETJC
ETJS
ETE
ETEG
ETEJ
ETEE
ETEW
ETEU
ETEX
ETEL
ETET
ETEY
ETEC
ETES
ETW
ETWG
ETWJ
ETWE
ETWW
ETWU
ETWX
ETWL
ETWT
ETWY
ETWC
ETWS
ETU
ETUG
ETUJ
ETUE
ETUW
ETUU
ETUX
ETUL
ETUT
ETUY
ETUC
ETUS
ETX
ETXG
ETXJ
ETXE
ETXW
ETXU
ETXX
ETXL
ETXT
ETXY
ETXC
ETXS
ETL
ETLG
ETLJ
ETLE
ETLW
ETLU
ETLX
ETLL
ETLT
ETLY
ETLC
ETLS
ETT
ETTG
ETTJ
ETTE
ETTW
ETTU
ETTX
ETTL
ETTT
ETTY
ETTC
ETTS
ETY
ETYG
ETYJ
ETYE
ETYW
ETYU
ETYX
ETYL
ETYT
ETYY
ETYC
ETYS
ETC
ETCG
ETCJ
ETCE
ETCW
ETCU
ETCX
ETCL
ETCT
ETCY
ETCC
ETCS
ETS
ETSG
ETSJ
ETSE
ETSW
ETSU
ETSX
ETSL
ETST
ETSY
ETSC
ETSS
EY
EYG
EYGG
EYGJ
EYGE
EYGW
EYGU
EYGX
EYGL
EYGT
EYGY
EYGC
EYGS
EYJ
EYJG
EYJJ
EYJE
EYJW
EYJU
EYJX
EYJL
EYJT
EYJY
EYJC
EYJS
EYE
EYEG
EYEJ
EYEE
EYEW
EYEU
EYEX
EYEL
EYET
EYEY
EYEC
EYES
EYW
EYWG
EYWJ
EYWE
EYWW
EYWU
EYWX
EYWL
EYWT
EYWY
EYWC
EYWS
EYU
EYUG
EYUJ
EYUE
EYUW
EYUU
EYUX
EYUL
EYUT
EYUY
EYUC
EYUS
EYX
EYXG
EYXJ
EYXE
EYXW
EYXU
EYXX
EYXL
EYXT
EYXY
EYXC
EYXS
EYL
EYLG
EYLJ
EYLE
EYLW
EYLU
EYLX
EYLL
EYLT
EYLY
EYLC
EYLS
EYT
EYTG
EYTJ
EYTE
EYTW
EYTU
EYTX
EYTL
EYTT
EYTY
EYTC
EYTS
EYY
EYYG
EYYJ
EYYE
EYYW
EYYU
EYYX
EYYL
EYYT
EYYY
EYYC
EYYS
EYC
EYCG
EYCJ
EYCE
EYCW
EYCU
EYCX
EYCL
EYCT
EYCY
EYCC
EYCS
EYS
EYSG
EYSJ
EYSE
EYSW
EYSU
EYSX
EYSL
EYST
EYSY
EYSC
EYSS
EC
ECG
ECGG
ECGJ
ECGE
ECGW
ECGU
ECGX
ECGL
ECGT
ECGY
ECGC
ECGS
ECJ
ECJG
ECJJ
ECJE
ECJW
ECJU
ECJX
ECJL
ECJT
ECJY
ECJC
ECJS
ECE
ECEG
ECEJ
ECEE
ECEW
ECEU
ECEX
ECEL
ECET
ECEY
ECEC
ECES
ECW
ECWG
ECWJ
ECWE
ECWW
ECWU
ECWX
ECWL
ECWT
ECWY
ECWC
ECWS
ECU
ECUG
ECUJ
ECUE
ECUW
ECUU
ECUX
ECUL
ECUT
ECUY
ECUC
ECUS
ECX
ECXG
ECXJ
ECXE
ECXW
ECXU
ECXX
ECXL
ECXT
ECXY
ECXC
ECXS
ECL
ECLG
ECLJ
ECLE
ECLW
ECLU
ECLX
ECLL
ECLT
ECLY
ECLC
ECLS
ECT
ECTG
ECTJ
ECTE
ECTW
ECTU
ECTX
ECTL
ECTT
ECTY
ECTC
ECTS
ECY
ECYG
ECYJ
ECYE
ECYW
ECYU
ECYX
ECYL
ECYT
ECYY
ECYC
ECYS
ECC
ECCG
ECCJ
ECCE
ECCW
ECCU
ECCX
ECCL
ECCT
ECCY
ECCC
ECCS
ECS
ECSG
ECSJ
ECSE
ECSW
ECSU
ECSX
ECSL
ECST
ECSY
ECSC
ECSS
ES
ESG
ESGG
ESGJ
ESGE
ESGW
ESGU
ESGX
ESGL
ESGT
ESGY
ESGC
ESGS
ESJ
ESJG
ESJJ
ESJE
ESJW
ESJU
ESJX
ESJL
ESJT
ESJY
ESJC
ESJS
ESE
ESEG
ESEJ
ESEE
ESEW
ESEU
ESEX
ESEL
ESET
ESEY
ESEC
ESES
ESW
ESWG
ESWJ
ESWE
ESWW
ESWU
ESWX
ESWL
ESWT
ESWY
ESWC
ESWS
ESU
ESUG
ESUJ
ESUE
ESUW
ESUU
ESUX
ESUL
ESUT
ESUY
ESUC
ESUS
ESX
ESXG
ESXJ
ESXE
ESXW
ESXU
ESXX
ESXL
ESXT
ESXY
ESXC
ESXS
ESL
ESLG
ESLJ
ESLE
ESLW
ESLU
ESLX
ESLL
ESLT
ESLY
ESLC
ESLS
EST
ESTG
ESTJ
ESTE
ESTW
ESTU
ESTX
ESTL
ESTT
ESTY
ESTC
ESTS
ESY
ESYG
ESYJ
ESYE
ESYW
ESYU
ESYX
ESYL
ESYT
ESYY
ESYC
ESYS
ESC
ESCG
ESCJ
ESCE
ESCW
ESCU
ESCX
ESCL
ESCT
ESCY
ESCC
ESCS
ESS
ESSG
ESSJ
ESSE
ESSW
ESSU
ESSX
ESSL
ESST
ESSY
ESSC
ESSS
W
WG
WGG
WGGG
WGGJ
WGGE
WGGW
WGGU
WGGX
WGGL
WGGT
WGGY
WGGC
WGGS
WGJ
WGJG
WGJJ
WGJE
WGJW
WGJU
WGJX
WGJL
WGJT
WGJY
WGJC
WGJS
WGE
WGEG
WGEJ
WGEE
WGEW
WGEU
WGEX
WGEL
WGET
WGEY
WGEC
WGES
WGW
WGWG
WGWJ
WGWE
WGWW
WGWU
WGWX
WGWL
WGWT
WGWY
WGWC
WGWS
WGU
WGUG
WGUJ
WGUE
WGUW
WGUU
WGUX
WGUL
WGUT
WGUY
WGUC
WGUS
WGX
WGXG
WGXJ
WGXE
WGXW
WGXU
WGXX
WGXL
WGXT
WGXY
WGXC
WGXS
WGL
WGLG
WGLJ
WGLE
WGLW
WGLU
WGLX
WGLL
WGLT
WGLY
WGLC
WGLS
WGT
WGTG
WGTJ
WGTE
WGTW
WGTU
WGTX
WGTL
WGTT
WGTY
WGTC
WGTS
WGY
WGYG
WGYJ
WGYE
WGYW
WGYU
WGYX
WGYL
WGYT
WGYY
WGYC
WGYS
WGC
WGCG
WGCJ
WGCE
WGCW
WGCU
WGCX
WGCL
WGCT
WGCY
WGCC
WGCS
WGS
WGSG
WGSJ
WGSE
WGSW
WGSU
WGSX
WGSL
WGST
WGSY
WGSC
WGSS
WJ
WJG
WJGG
WJGJ
WJGE
WJGW
WJGU
WJGX
WJGL
WJGT
WJGY
WJGC
WJGS
WJJ
WJJG
WJJJ
WJJE
WJJW
WJJU
WJJX
WJJL
WJJT
WJJY
WJJC
WJJS
WJE
WJEG
WJEJ
WJEE
WJEW
WJEU
WJEX
WJEL
WJET
WJEY
WJEC
WJES
WJW
WJWG
WJWJ
WJWE
WJWW
WJWU
WJWX
WJWL
WJWT
WJWY
WJWC
WJWS
WJU
WJUG
WJUJ
WJUE
WJUW
WJUU
WJUX
WJUL
WJUT
WJUY
WJUC
WJUS
WJX
WJXG
WJXJ
WJXE
WJXW
WJXU
WJXX
WJXL
WJXT
WJXY
WJXC
WJXS
WJL
WJLG
WJLJ
WJLE
WJLW
WJLU
WJLX
WJLL
WJLT
WJLY
WJLC
WJLS
WJT
WJTG
WJTJ
WJTE
WJTW
WJTU
WJTX
WJTL
WJTT
WJTY
WJTC
WJTS
WJY
WJYG
WJYJ
WJYE
WJYW
WJYU
WJYX
WJYL
WJYT
WJYY
WJYC
WJYS
WJC
WJCG
WJCJ
WJCE
WJCW
WJCU
WJCX
WJCL
WJCT
WJCY
WJCC
WJCS
WJS
WJSG
WJSJ
WJSE
WJSW
WJSU
WJSX
WJSL
WJST
WJSY
WJSC
WJSS
WE
WEG
WEGG
WEGJ
WEGE
WEGW
WEGU
WEGX
WEGL
WEGT
WEGY
WEGC
WEGS
WEJ
WEJG
WEJJ
WEJE
WEJW
WEJU
WEJX
WEJL
WEJT
WEJY
WEJC
WEJS
WEE
WEEG
WEEJ
WEEE
WEEW
WEEU
WEEX
WEEL
WEET
WEEY
WEEC
WEES
WEW
WEWG
WEWJ
WEWE
WEWW
WEWU
WEWX
WEWL
WEWT
WEWY
WEWC
WEWS
WEU
WEUG
WEUJ
WEUE
WEUW
WEUU
WEUX
WEUL
WEUT
WEUY
WEUC
WEUS
WEX
WEXG
WEXJ
WEXE
WEXW
WEXU
WEXX
WEXL
WEXT
WEXY
WEXC
WEXS
WEL
WELG
WELJ
WELE
WELW
WELU
WELX
WELL
WELT
WELY
WELC
WELS
WET
WETG
WETJ
WETE
WETW
WETU
WETX
WETL
WETT
WETY
WETC
WETS
WEY
WEYG
WEYJ
WEYE
WEYW
WEYU
WEYX
WEYL
WEYT
WEYY
WEYC
WEYS
WEC
WECG
WECJ
WECE
WECW
WECU
WECX
WECL
WECT
WECY
WECC
WECS
WES
WESG
WESJ
WESE
WESW
WESU
WESX
WESL
WEST
WESY
WESC
WESS
WW
WWG
WWGG
WWGJ
WWGE
WWGW
WWGU
WWGX
WWGL
WWGT
WWGY
WWGC
WWGS
WWJ
WWJG
WWJJ
WWJE
WWJW
WWJU
WWJX
WWJL
WWJT
WWJY
WWJC
WWJS
WWE
WWEG
WWEJ
WWEE
WWEW
WWEU
WWEX
WWEL
WWET
WWEY
WWEC
WWES
WWW
WWWG
WWWJ
WWWE
WWWW
WWWU
WWWX
WWWL
WWWT
WWWY
WWWC
WWWS
WWU
WWUG
WWUJ
WWUE
WWUW
WWUU
WWUX
WWUL
WWUT
WWUY
WWUC
WWUS
WWX
WWXG
WWXJ
WWXE
WWXW
WWXU
WWXX
WWXL
WWXT
WWXY
WWXC
WWXS
WWL
WWLG
WWLJ
WWLE
WWLW
WWLU
WWLX
WWLL
WWLT
WWLY
WWLC
WWLS
WWT
WWTG
WWTJ
WWTE
WWTW
WWTU
WWTX
WWTL
WWTT
WWTY
WWTC
WWTS
WWY
WWYG
WWYJ
WWYE
WWYW
WWYU
WWYX
WWYL
WWYT
WWYY
WWYC
WWYS
WWC
WWCG
WWCJ
WWCE
WWCW
WWCU
WWCX
WWCL
WWCT
WWCY
WWCC
WWCS
WWS
WWSG
WWSJ
WWSE
WWSW
WWSU
WWSX
WWSL
WWST
WWSY
WWSC
WWSS
WU
WUG
WUGG
WUGJ
WUGE
WUGW
WUGU
WUGX
WUGL
WUGT
WUGY
WUGC
WUGS
WUJ
WUJG
WUJJ
WUJE
WUJW
WUJU
WUJX
WUJL
WUJT
WUJY
WUJC
WUJS
WUE
WUEG
WUEJ
WUEE
WUEW
WUEU
WUEX
WUEL
WUET
WUEY
WUEC
WUES
WUW
WUWG
WUWJ
WUWE
WUWW
WUWU
WUWX
WUWL
WUWT
WUWY
WUWC
WUWS
WUU
WUUG
WUUJ
WUUE
WUUW
WUUU
WUUX
WUUL
WUUT
WUUY
WUUC
WUUS
WUX
WUXG
WUXJ
WUXE
WUXW
WUXU
WUXX
WUXL
WUXT
WUXY
WUXC
WUXS
WUL
WULG
WULJ
WULE
WULW
WULU
WULX
WULL
WULT
WULY
WULC
WULS
WUT
WUTG
WUTJ
WUTE
WUTW
WUTU
WUTX
WUTL
WUTT
WUTY
WUTC
WUTS
WUY
WUYG
WUYJ
WUYE
WUYW
WUYU
WUYX
WUYL
WUYT
WUYY
WUYC
WUYS
WUC
WUCG
WUCJ
WUCE
WUCW
WUCU
WUCX
WUCL
WUCT
WUCY
WUCC
WUCS
WUS
WUSG
WUSJ
WUSE
WUSW
WUSU
WUSX
WUSL
WUST
WUSY
WUSC
WUSS
WX
WXG
WXGG
WXGJ
WXGE
WXGW
WXGU
WXGX
WXGL
WXGT
WXGY
WXGC
WXGS
WXJ
WXJG
WXJJ
WXJE
WXJW
WXJU
WXJX
WXJL
WXJT
WXJY
WXJC
WXJS
WXE
WXEG
WXEJ
WXEE
WXEW
WXEU
WXEX
WXEL
WXET
WXEY
WXEC
WXES
WXW
WXWG
WXWJ
WXWE
WXWW
WXWU
WXWX
WXWL
WXWT
WXWY
WXWC
WXWS
WXU
WXUG
WXUJ
WXUE
WXUW
WXUU
WXUX
WXUL
WXUT
WXUY
WXUC
WXUS
WXX
WXXG
WXXJ
WXXE
WXXW
WXXU
WXXX
WXXL
WXXT
WXXY
WXXC
WXXS
WXL
WXLG
WXLJ
WXLE
WXLW
WXLU
WXLX
WXLL
WXLT
WXLY
WXLC
WXLS
WXT
WXTG
WXTJ
WXTE
WXTW
WXTU
WXTX
WXTL
WXTT
WXTY
WXTC
WXTS
WXY
WXYG
WXYJ
WXYE
WXYW
WXYU
WXYX
WXYL
WXYT
WXYY
WXYC
WXYS
WXC
WXCG
WXCJ
WXCE
WXCW
WXCU
WXCX
WXCL
WXCT
WXCY
WXCC
WXCS
WXS
WXSG
WXSJ
WXSE
WXSW
WXSU
WXSX
WXSL
WXST
WXSY
WXSC
WXSS
WL
WLG
WLGG
WLGJ
WLGE
WLGW
WLGU
WLGX
WLGL
WLGT
WLGY
WLGC
WLGS
WLJ
WLJG
WLJJ
WLJE
WLJW
WLJU
WLJX
WLJL
WLJT
WLJY
WLJC
WLJS
WLE
WLEG
WLEJ
WLEE
WLEW
WLEU
WLEX
WLEL
WLET
WLEY
WLEC
WLES
WLW
WLWG
WLWJ
WLWE
WLWW
WLWU
WLWX
WLWL
WLWT
WLWY
WLWC
WLWS
WLU
WLUG
WLUJ
WLUE
WLUW
WLUU
WLUX
WLUL
WLUT
WLUY
WLUC
WLUS
WLX
WLXG
WLXJ
WLXE
WLXW
WLXU
WLXX
WLXL
WLXT
WLXY
WLXC
WLXS
WLL
WLLG
WLLJ
WLLE
WLLW
WLLU
WLLX
WLLL
WLLT
WLLY
WLLC
WLLS
WLT
WLTG
WLTJ
WLTE
WLTW
WLTU
WLTX
WLTL
WLTT
WLTY
WLTC
WLTS
WLY
WLYG
WLYJ
WLYE
WLYW
WLYU
WLYX
WLYL
WLYT
WLYY
WLYC
WLYS
WLC
WLCG
WLCJ
WLCE
WLCW
WLCU
WLCX
WLCL
WLCT
WLCY
WLCC
WLCS
WLS
WLSG
WLSJ
WLSE
WLSW
WLSU
WLSX
WLSL
WLST
WLSY
WLSC
WLSS
WT
WTG
WTGG
WTGJ
WTGE
WTGW
WTGU
WTGX
WTGL
WTGT
WTGY
WTGC
WTGS
WTJ
WTJG
WTJJ
WTJE
WTJW
WTJU
WTJX
WTJL
WTJT
WTJY
WTJC
WTJS
WTE
WTEG
WTEJ
WTEE
WTEW
WTEU
WTEX
WTEL
WTET
WTEY
WTEC
WTES
WTW
WTWG
WTWJ
WTWE
WTWW
WTWU
WTWX
WTWL
WTWT
WTWY
WTWC
WTWS
WTU
WTUG
WTUJ
WTUE
WTUW
WTUU
WTUX
WTUL
WTUT
WTUY
WTUC
WTUS
WTX
WTXG
WTXJ
WTXE
WTXW
WTXU
WTXX
WTXL
WTXT
WTXY
WTXC
WTXS
WTL
WTLG
WTLJ
WTLE
WTLW
WTLU
WTLX
WTLL
WTLT
WTLY
WTLC
WTLS
WTT
WTTG
WTTJ
WTTE
WTTW
WTTU
WTTX
WTTL
WTTT
WTTY
WTTC
WTTS
WTY
WTYG
WTYJ
WTYE
WTYW
WTYU
WTYX
WTYL
WTYT
WTYY
WTYC
WTYS
WTC
WTCG
WTCJ
WTCE
WTCW
WTCU
WTCX
WTCL
WTCT
WTCY
WTCC
WTCS
WTS
WTSG
WTSJ
WTSE
WTSW
WTSU
WTSX
WTSL
WTST
WTSY
WTSC
WTSS
WY
WYG
WYGG
WYGJ
WYGE
WYGW
WYGU
WYGX
WYGL
WYGT
WYGY
WYGC
WYGS
WYJ
WYJG
WYJJ
WYJE
WYJW
WYJU
WYJX
WYJL
WYJT
WYJY
WYJC
WYJS
WYE
WYEG
WYEJ
WYEE
WYEW
WYEU
WYEX
WYEL
WYET
WYEY
WYEC
WYES
WYW
WYWG
WYWJ
WYWE
WYWW
WYWU
WYWX
WYWL
WYWT
WYWY
WYWC
WYWS
WYU
WYUG
WYUJ
WYUE
WYUW
WYUU
WYUX
WYUL
WYUT
WYUY
WYUC
WYUS
WYX
WYXG
WYXJ
WYXE
WYXW
WYXU
WYXX
WYXL
WYXT
WYXY
WYXC
WYXS
WYL
WYLG
WYLJ
WYLE
WYLW
WYLU
WYLX
WYLL
WYLT
WYLY
WYLC
WYLS
WYT
WYTG
WYTJ
WYTE
WYTW
WYTU
WYTX
WYTL
WYTT
WYTY
WYTC
WYTS
WYY
WYYG
WYYJ
WYYE
WYYW
WYYU
WYYX
WYYL
WYYT
WYYY
WYYC
WYYS
WYC
WYCG
WYCJ
WYCE
WYCW
WYCU
WYCX
WYCL
WYCT
WYCY
WYCC
WYCS
WYS
WYSG
WYSJ
WYSE
WYSW
WYSU
WYSX
WYSL
WYST
WYSY
WYSC
WYSS
WC
WCG
WCGG
WCGJ
WCGE
WCGW
WCGU
WCGX
WCGL
WCGT
WCGY
WCGC
WCGS
WCJ
WCJG
WCJJ
WCJE
WCJW
WCJU
WCJX
WCJL
WCJT
WCJY
WCJC
WCJS
WCE
WCEG
WCEJ
WCEE
WCEW
WCEU
WCEX
WCEL
WCET
WCEY
WCEC
WCES
WCW
WCWG
WCWJ
WCWE
WCWW
WCWU
WCWX
WCWL
WCWT
WCWY
WCWC
WCWS
WCU
WCUG
WCUJ
WCUE
WCUW
WCUU
WCUX
WCUL
WCUT
WCUY
WCUC
WCUS
WCX
WCXG
WCXJ
WCXE
WCXW
WCXU
WCXX
WCXL
WCXT
WCXY
WCXC
WCXS
WCL
WCLG
WCLJ
WCLE
WCLW
WCLU
WCLX
WCLL
WCLT
WCLY
WCLC
WCLS
WCT
WCTG
WCTJ
WCTE
WCTW
WCTU
WCTX
WCTL
WCTT
WCTY
WCTC
WCTS
WCY
WCYG
WCYJ
WCYE
WCYW
WCYU
WCYX
WCYL
WCYT
WCYY
WCYC
WCYS
WCC
WCCG
WCCJ
WCCE
WCCW
WCCU
WCCX
WCCL
WCCT
WCCY
WCCC
WCCS
WCS
WCSG
WCSJ
WCSE
WCSW
WCSU
WCSX
WCSL
WCST
WCSY
WCSC
WCSS
WS
WSG
WSGG
WSGJ
WSGE
WSGW
WSGU
WSGX
WSGL
WSGT
WSGY
WSGC
WSGS
WSJ
WSJG
WSJJ
WSJE
WSJW
WSJU
WSJX
WSJL
WSJT
WSJY
WSJC
WSJS
WSE
WSEG
WSEJ
WSEE
WSEW
WSEU
WSEX
WSEL
WSET
WSEY
WSEC
WSES
WSW
WSWG
WSWJ
WSWE
WSWW
WSWU
WSWX
WSWL
WSWT
WSWY
WSWC
WSWS
WSU
WSUG
WSUJ
WSUE
WSUW
WSUU
WSUX
WSUL
WSUT
WSUY
WSUC
WSUS
WSX
WSXG
WSXJ
WSXE
WSXW
WSXU
WSXX
WSXL
WSXT
WSXY
WSXC
WSXS
WSL
WSLG
WSLJ
WSLE
WSLW
WSLU
WSLX
WSLL
WSLT
WSLY
WSLC
WSLS
WST
WSTG
WSTJ
WSTE
WSTW
WSTU
WSTX
WSTL
WSTT
WSTY
WSTC
WSTS
WSY
WSYG
WSYJ
WSYE
WSYW
WSYU
WSYX
WSYL
WSYT
WSYY
WSYC
WSYS
WSC
WSCG
WSCJ
WSCE
WSCW
WSCU
WSCX
WSCL
WSCT
WSCY
WSCC
WSCS
WSS
WSSG
WSSJ
WSSE
WSSW
WSSU
WSSX
WSSL
WSST
WSSY
WSSC
WSSS
U
UG
UGG
UGGG
UGGJ
UGGE
UGGW
UGGU
UGGX
UGGL
UGGT
UGGY
UGGC
UGGS
UGJ
UGJG
UGJJ
UGJE
UGJW
UGJU
UGJX
UGJL
UGJT
UGJY
UGJC
UGJS
UGE
UGEG
UGEJ
UGEE
UGEW
UGEU
UGEX
UGEL
UGET
UGEY
UGEC
UGES
UGW
UGWG
UGWJ
UGWE
UGWW
UGWU
UGWX
UGWL
UGWT
UGWY
UGWC
UGWS
UGU
UGUG
UGUJ
UGUE
UGUW
UGUU
UGUX
UGUL
UGUT
UGUY
UGUC
UGUS
UGX
UGXG
UGXJ
UGXE
UGXW
UGXU
UGXX
UGXL
UGXT
UGXY
UGXC
UGXS
UGL
UGLG
UGLJ
UGLE
UGLW
UGLU
UGLX
UGLL
UGLT
UGLY
UGLC
UGLS
UGT
UGTG
UGTJ
UGTE
UGTW
UGTU
UGTX
UGTL
UGTT
UGTY
UGTC
UGTS
UGY
UGYG
UGYJ
UGYE
UGYW
UGYU
UGYX
UGYL
UGYT
UGYY
UGYC
UGYS
UGC
UGCG
UGCJ
UGCE
UGCW
UGCU
UGCX
UGCL
UGCT
UGCY
UGCC
UGCS
UGS
UGSG
UGSJ
UGSE
UGSW
UGSU
UGSX
UGSL
UGST
UGSY
UGSC
UGSS
UJ
UJG
UJGG
UJGJ
UJGE
UJGW
UJGU
UJGX
UJGL
UJGT
UJGY
UJGC
UJGS
UJJ
UJJG
UJJJ
UJJE
UJJW
UJJU
UJJX
UJJL
UJJT
UJJY
UJJC
UJJS
UJE
UJEG
UJEJ
UJEE
UJEW
UJEU
UJEX
UJEL
UJET
UJEY
UJEC
UJES
UJW
UJWG
UJWJ
UJWE
UJWW
UJWU
UJWX
UJWL
UJWT
UJWY
UJWC
UJWS
UJU
UJUG
UJUJ
UJUE
UJUW
UJUU
UJUX
UJUL
UJUT
UJUY
UJUC
UJUS
UJX
UJXG
UJXJ
UJXE
UJXW
UJXU
UJXX
UJXL
UJXT
UJXY
UJXC
UJXS
UJL
UJLG
UJLJ
UJLE
UJLW
UJLU
UJLX
UJLL
UJLT
UJLY
UJLC
UJLS
UJT
UJTG
UJTJ
UJTE
UJTW
UJTU
UJTX
UJTL
UJTT
UJTY
UJTC
UJTS
UJY
UJYG
UJYJ
UJYE
UJYW
UJYU
UJYX
UJYL
UJYT
UJYY
UJYC
UJYS
UJC
UJCG
UJCJ
UJCE
UJCW
UJCU
UJCX
UJCL
UJCT
UJCY
UJCC
UJCS
UJS
UJSG
UJSJ
UJSE
UJSW
UJSU
UJSX
UJSL
UJST
UJSY
UJSC
UJSS
UE
UEG
UEGG
UEGJ
UEGE
UEGW
UEGU
UEGX
UEGL
UEGT
UEGY
UEGC
UEGS
UEJ
UEJG
UEJJ
UEJE
UEJW
UEJU
UEJX
UEJL
UEJT
UEJY
UEJC
UEJS
UEE
UEEG
UEEJ
UEEE
UEEW
UEEU
UEEX
UEEL
UEET
UEEY
UEEC
UEES
UEW
UEWG
UEWJ
UEWE
UEWW
UEWU
UEWX
UEWL
UEWT
UEWY
UEWC
UEWS
UEU
UEUG
UEUJ
UEUE
UEUW
UEUU
UEUX
UEUL
UEUT
UEUY
UEUC
UEUS
UEX
UEXG
UEXJ
UEXE
UEXW
UEXU
UEXX
UEXL
UEXT
UEXY
UEXC
UEXS
UEL
UELG
UELJ
UELE
UELW
UELU
UELX
UELL
UELT
UELY
UELC
UELS
UET
UETG
UETJ
UETE
UETW
UETU
UETX
UETL
UETT
UETY
UETC
UETS
UEY
UEYG
UEYJ
UEYE
UEYW
UEYU
UEYX
UEYL
UEYT
UEYY
UEYC
UEYS
UEC
UECG
UECJ
UECE
UECW
UECU
UECX
UECL
UECT
UECY
UECC
UECS
UES
UESG
UESJ
UESE
UESW
UESU
UESX
UESL
UEST
UESY
UESC
UESS
UW
UWG
UWGG
UWGJ
UWGE
UWGW
UWGU
UWGX
UWGL
UWGT
UWGY
UWGC
UWGS
UWJ
UWJG
UWJJ
UWJE
UWJW
UWJU
UWJX
UWJL
UWJT
UWJY
UWJC
UWJS
UWE
UWEG
UWEJ
UWEE
UWEW
UWEU
UWEX
UWEL
UWET
UWEY
UWEC
UWES
UWW
UWWG
UWWJ
UWWE
UWWW
UWWU
UWWX
UWWL
UWWT
UWWY
UWWC
UWWS
UWU
UWUG
UWUJ
UWUE
UWUW
UWUU
UWUX
UWUL
UWUT
UWUY
UWUC
UWUS
UWX
UWXG
UWXJ
UWXE
UWXW
UWXU
UWXX
UWXL
UWXT
UWXY
UWXC
UWXS
UWL
UWLG
UWLJ
UWLE
UWLW
UWLU
UWLX
UWLL
UWLT
UWLY
UWLC
UWLS
UWT
UWTG
UWTJ
UWTE
UWTW
UWTU
UWTX
UWTL
UWTT
UWTY
UWTC
UWTS
UWY
UWYG
UWYJ
UWYE
UWYW
UWYU
UWYX
UWYL
UWYT
UWYY
UWYC
UWYS
UWC
UWCG
UWCJ
UWCE
UWCW
UWCU
UWCX
UWCL
UWCT
UWCY
UWCC
UWCS
UWS
UWSG
UWSJ
UWSE
UWSW
UWSU
UWSX
UWSL
UWST
UWSY
UWSC
UWSS
UU
UUG
UUGG
UUGJ
UUGE
UUGW
UUGU
UUGX
UUGL
UUGT
UUGY
UUGC
UUGS
UUJ
UUJG
UUJJ
UUJE
UUJW
UUJU
UUJX
UUJL
UUJT
UUJY
UUJC
UUJS
UUE
UUEG
UUEJ
UUEE
UUEW
UUEU
UUEX
UUEL
UUET
UUEY
UUEC
UUES
UUW
UUWG
UUWJ
UUWE
UUWW
UUWU
UUWX
UUWL
UUWT
UUWY
UUWC
UUWS
UUU
UUUG
UUUJ
UUUE
UUUW
UUUU
UUUX
UUUL
UUUT
UUUY
UUUC
UUUS
UUX
UUXG
UUXJ
UUXE
UUXW
UUXU
UUXX
UUXL
UUXT
UUXY
UUXC
UUXS
UUL
UULG
UULJ
UULE
UULW
UULU
UULX
UULL
UULT
UULY
UULC
UULS
UUT
UUTG
UUTJ
UUTE
UUTW
UUTU
UUTX
UUTL
UUTT
UUTY
UUTC
UUTS
UUY
UUYG
UUYJ
UUYE
UUYW
UUYU
UUYX
UUYL
UUYT
UUYY
UUYC
UUYS
UUC
UUCG
UUCJ
UUCE
UUCW
UUCU
UUCX
UUCL
UUCT
UUCY
UUCC
UUCS
UUS
UUSG
UUSJ
UUSE
UUSW
UUSU
UUSX
UUSL
UUST
UUSY
UUSC
UUSS
UX
UXG
UXGG
UXGJ
UXGE
UXGW
UXGU
UXGX
UXGL
UXGT
UXGY
UXGC
UXGS
UXJ
UXJG
UXJJ
UXJE
UXJW
UXJU
UXJX
UXJL
UXJT
UXJY
UXJC
UXJS
UXE
UXEG
UXEJ
UXEE
UXEW
UXEU
UXEX
UXEL
UXET
UXEY
UXEC
UXES
UXW
UXWG
UXWJ
UXWE
UXWW
UXWU
UXWX
UXWL
UXWT
UXWY
UXWC
UXWS
UXU
UXUG
UXUJ
UXUE
UXUW
UXUU
UXUX
UXUL
UXUT
UXUY
UXUC
UXUS
UXX
UXXG
UXXJ
UXXE
UXXW
UXXU
UXXX
UXXL
UXXT
UXXY
UXXC
UXXS
UXL
UXLG
UXLJ
UXLE
UXLW
UXLU
UXLX
UXLL
UXLT
UXLY
UXLC
UXLS
UXT
UXTG
UXTJ
UXTE
UXTW
UXTU
UXTX
UXTL
UXTT
UXTY
UXTC
UXTS
UXY
UXYG
UXYJ
UXYE
UXYW
UXYU
UXYX
UXYL
UXYT
UXYY
UXYC
UXYS
UXC
UXCG
UXCJ
UXCE
UXCW
UXCU
UXCX
UXCL
UXCT
UXCY
UXCC
UXCS
UXS
UXSG
UXSJ
UXSE
UXSW
UXSU
UXSX
UXSL
UXST
UXSY
UXSC
UXSS
UL
ULG
ULGG
ULGJ
ULGE
ULGW
ULGU
ULGX
ULGL
ULGT
ULGY
ULGC
ULGS
ULJ
ULJG
ULJJ
ULJE
ULJW
ULJU
ULJX
ULJL
ULJT
ULJY
ULJC
ULJS
ULE
ULEG
ULEJ
ULEE
ULEW
ULEU
ULEX
ULEL
ULET
ULEY
ULEC
ULES
ULW
ULWG
ULWJ
ULWE
ULWW
ULWU
ULWX
ULWL
ULWT
ULWY
ULWC
ULWS
ULU
ULUG
ULUJ
ULUE
ULUW
ULUU
ULUX
ULUL
ULUT
ULUY
ULUC
ULUS
ULX
ULXG
ULXJ
ULXE
ULXW
ULXU
ULXX
ULXL
ULXT
ULXY
ULXC
ULXS
ULL
ULLG
ULLJ
ULLE
ULLW
ULLU
ULLX
ULLL
ULLT
ULLY
ULLC
ULLS
ULT
ULTG
ULTJ
ULTE
ULTW
ULTU
ULTX
ULTL
ULTT
ULTY
ULTC
ULTS
ULY
ULYG
ULYJ
ULYE
ULYW
ULYU
ULYX
ULYL
ULYT
ULYY
ULYC
ULYS
ULC
ULCG
ULCJ
ULCE
ULCW
ULCU
ULCX
ULCL
ULCT
ULCY
ULCC
ULCS
ULS
ULSG
ULSJ
ULSE
ULSW
ULSU
ULSX
ULSL
ULST
ULSY
ULSC
ULSS
UT
UTG
UTGG
UTGJ
UTGE
UTGW
UTGU
UTGX
UTGL
UTGT
UTGY
UTGC
UTGS
UTJ
UTJG
UTJJ
UTJE
UTJW
UTJU
UTJX
UTJL
UTJT
UTJY
UTJC
UTJS
UTE
UTEG
UTEJ
UTEE
UTEW
UTEU
UTEX
UTEL
UTET
UTEY
UTEC
UTES
UTW
UTWG
UTWJ
UTWE
UTWW
UTWU
UTWX
UTWL
UTWT
UTWY
UTWC
UTWS
UTU
UTUG
UTUJ
UTUE
UTUW
UTUU
UTUX
UTUL
UTUT
UTUY
UTUC
UTUS
UTX
UTXG
UTXJ
UTXE
UTXW
UTXU
UTXX
UTXL
UTXT
UTXY
UTXC
UTXS
UTL
UTLG
UTLJ
UTLE
UTLW
UTLU
UTLX
UTLL
UTLT
UTLY
UTLC
UTLS
UTT
UTTG
UTTJ
UTTE
UTTW
UTTU
UTTX
UTTL
UTTT
UTTY
UTTC
UTTS
UTY
UTYG
UTYJ
UTYE
UTYW
UTYU
UTYX
UTYL
UTYT
UTYY
UTYC
UTYS
UTC
UTCG
UTCJ
UTCE
UTCW
UTCU
UTCX
UTCL
UTCT
UTCY
UTCC
UTCS
UTS
UTSG
UTSJ
UTSE
UTSW
UTSU
UTSX
UTSL
UTST
UTSY
UTSC
UTSS
UY
UYG
UYGG
UYGJ
UYGE
UYGW
UYGU
UYGX
UYGL
UYGT
UYGY
UYGC
UYGS
UYJ
UYJG
UYJJ
UYJE
UYJW
UYJU
UYJX
UYJL
UYJT
UYJY
UYJC
UYJS
UYE
UYEG
UYEJ
UYEE
UYEW
UYEU
UYEX
UYEL
UYET
UYEY
UYEC
UYES
UYW
UYWG
UYWJ
UYWE
UYWW
UYWU
UYWX
UYWL
UYWT
UYWY
UYWC
UYWS
UYU
UYUG
UYUJ
UYUE
UYUW
UYUU
UYUX
UYUL
UYUT
UYUY
UYUC
UYUS
UYX
UYXG
UYXJ
UYXE
UYXW
UYXU
UYXX
UYXL
UYXT
UYXY
UYXC
UYXS
UYL
UYLG
UYLJ
UYLE
UYLW
UYLU
UYLX
UYLL
UYLT
UYLY
UYLC
UYLS
UYT
UYTG
UYTJ
UYTE
UYTW
UYTU
UYTX
UYTL
UYTT
UYTY
UYTC
UYTS
UYY
UYYG
UYYJ
UYYE
UYYW
UYYU
UYYX
UYYL
UYYT
UYYY
UYYC
UYYS
UYC
UYCG
UYCJ
UYCE
UYCW
UYCU
UYCX
UYCL
UYCT
UYCY
UYCC
UYCS
UYS
UYSG
UYSJ
UYSE
UYSW
UYSU
UYSX
UYSL
UYST
UYSY
UYSC
UYSS
UC
UCG
UCGG
UCGJ
UCGE
UCGW
UCGU
UCGX
UCGL
UCGT
UCGY
UCGC
UCGS
UCJ
UCJG
UCJJ
UCJE
UCJW
UCJU
UCJX
UCJL
UCJT
UCJY
UCJC
UCJS
UCE
UCEG
UCEJ
UCEE
UCEW
UCEU
UCEX
UCEL
UCET
UCEY
UCEC
UCES
UCW
UCWG
UCWJ
UCWE
UCWW
UCWU
UCWX
UCWL
UCWT
UCWY
UCWC
UCWS
UCU
UCUG
UCUJ
UCUE
UCUW
UCUU
UCUX
UCUL
UCUT
UCUY
UCUC
UCUS
UCX
UCXG
UCXJ
UCXE
UCXW
UCXU
UCXX
UCXL
UCXT
UCXY
UCXC
UCXS
UCL
UCLG
UCLJ
UCLE
UCLW
UCLU
UCLX
UCLL
UCLT
UCLY
UCLC
UCLS
UCT
UCTG
UCTJ
UCTE
UCTW
UCTU
UCTX
UCTL
UCTT
UCTY
UCTC
UCTS
UCY
UCYG
UCYJ
UCYE
UCYW
UCYU
UCYX
UCYL
UCYT
UCYY
UCYC
UCYS
UCC
UCCG
UCCJ
UCCE
UCCW
UCCU
UCCX
UCCL
UCCT
UCCY
UCCC
UCCS
UCS
UCSG
UCSJ
UCSE
UCSW
UCSU
UCSX
UCSL
UCST
UCSY
UCSC
UCSS
US
USG
USGG
USGJ
USGE
USGW
USGU
USGX
USGL
USGT
USGY
USGC
USGS
USJ
USJG
USJJ
USJE
USJW
USJU
USJX
USJL
USJT
USJY
USJC
USJS
USE
USEG
USEJ
USEE
USEW
USEU
USEX
USEL
USET
USEY
USEC
USES
USW
USWG
USWJ
USWE
USWW
USWU
USWX
USWL
USWT
USWY
USWC
USWS
USU
USUG
USUJ
USUE
USUW
USUU
USUX
USUL
USUT
USUY
USUC
USUS
USX
USXG
USXJ
USXE
USXW
USXU
USXX
USXL
USXT
USXY
USXC
USXS
USL
USLG
USLJ
USLE
USLW
USLU
USLX
USLL
USLT
USLY
USLC
USLS
UST
USTG
USTJ
USTE
USTW
USTU
USTX
USTL
USTT
USTY
USTC
USTS
USY
USYG
USYJ
USYE
USYW
USYU
USYX
USYL
USYT
USYY
USYC
USYS
USC
USCG
USCJ
USCE
USCW
USCU
USCX
USCL
USCT
USCY
USCC
USCS
USS
USSG
USSJ
USSE
USSW
USSU
USSX
USSL
USST
USSY
USSC
USSS
X
XG
XGG
XGGG
XGGJ
XGGE
XGGW
XGGU
XGGX
XGGL
XGGT
XGGY
XGGC
XGGS
XGJ
XGJG
XGJJ
XGJE
XGJW
XGJU
XGJX
XGJL
XGJT
XGJY
XGJC
XGJS
XGE
XGEG
XGEJ
XGEE
XGEW
XGEU
XGEX
XGEL
XGET
XGEY
XGEC
XGES
XGW
XGWG
XGWJ
XGWE
XGWW
XGWU
XGWX
XGWL
XGWT
XGWY
XGWC
XGWS
XGU
XGUG
XGUJ
XGUE
XGUW
XGUU
XGUX
XGUL
XGUT
XGUY
XGUC
XGUS
XGX
XGXG
XGXJ
XGXE
XGXW
XGXU
XGXX
XGXL
XGXT
XGXY
XGXC
XGXS
XGL
XGLG
XGLJ
XGLE
XGLW
XGLU
XGLX
XGLL
XGLT
XGLY
XGLC
XGLS
XGT
XGTG
XGTJ
XGTE
XGTW
XGTU
XGTX
XGTL
XGTT
XGTY
XGTC
XGTS
XGY
XGYG
XGYJ
XGYE
XGYW
XGYU
XGYX
XGYL
XGYT
XGYY
XGYC
XGYS
XGC
XGCG
XGCJ
XGCE
XGCW
XGCU
XGCX
XGCL
XGCT
XGCY
XGCC
XGCS
XGS
XGSG
XGSJ
XGSE
XGSW
XGSU
XGSX
XGSL
XGST
XGSY
XGSC
XGSS
XJ
XJG
XJGG
XJGJ
XJGE
XJGW
XJGU
XJGX
XJGL
XJGT
XJGY
XJGC
XJGS
XJJ
XJJG
XJJJ
XJJE
XJJW
XJJU
XJJX
XJJL
XJJT
XJJY
XJJC
XJJS
XJE
XJEG
XJEJ
XJEE
XJEW
XJEU
XJEX
XJEL
XJET
XJEY
XJEC
XJES
XJW
XJWG
XJWJ
XJWE
XJWW
XJWU
XJWX
XJWL
XJWT
XJWY
XJWC
XJWS
XJU
XJUG
XJUJ
XJUE
XJUW
XJUU
XJUX
XJUL
XJUT
XJUY
XJUC
XJUS
XJX
XJXG
XJXJ
XJXE
XJXW
XJXU
XJXX
XJXL
XJXT
XJXY
XJXC
XJXS
XJL
XJLG
XJLJ
XJLE
XJLW
XJLU
XJLX
XJLL
XJLT
XJLY
XJLC
XJLS
XJT
XJTG
XJTJ
XJTE
XJTW
XJTU
XJTX
XJTL
XJTT
XJTY
XJTC
XJTS
XJY
XJYG
XJYJ
XJYE
XJYW
XJYU
XJYX
XJYL
XJYT
XJYY
XJYC
XJYS
XJC
XJCG
XJCJ
XJCE
XJCW
XJCU
XJCX
XJCL
XJCT
XJCY
XJCC
XJCS
XJS
XJSG
XJSJ
XJSE
XJSW
XJSU
XJSX
XJSL
XJST
XJSY
XJSC
XJSS
XE
XEG
XEGG
XEGJ
XEGE
XEGW
XEGU
XEGX
XEGL
XEGT
XEGY
XEGC
XEGS
XEJ
XEJG
XEJJ
XEJE
XEJW
XEJU
XEJX
XEJL
XEJT
XEJY
XEJC
XEJS
XEE
XEEG
XEEJ
XEEE
XEEW
XEEU
XEEX
XEEL
XEET
XEEY
XEEC
XEES
XEW
XEWG
XEWJ
XEWE
XEWW
XEWU
XEWX
XEWL
XEWT
XEWY
XEWC
XEWS
XEU
XEUG
XEUJ
XEUE
XEUW
XEUU
XEUX
XEUL
XEUT
XEUY
XEUC
XEUS
XEX
XEXG
XEXJ
XEXE
XEXW
XEXU
XEXX
XEXL
XEXT
XEXY
XEXC
XEXS
XEL
XELG
XELJ
XELE
XELW
XELU
XELX
XELL
XELT
XELY
XELC
XELS
XET
XETG
XETJ
XETE
XETW
XETU
XETX
XETL
XETT
XETY
XETC
XETS
XEY
XEYG
XEYJ
XEYE
XEYW
XEYU
XEYX
XEYL
XEYT
XEYY
XEYC
XEYS
XEC
XECG
XECJ
XECE
XECW
XECU
XECX
XECL
XECT
XECY
XECC
XECS
XES
XESG
XESJ
XESE
XESW
XESU
XESX
XESL
XEST
XESY
XESC
XESS
XW
XWG
XWGG
XWGJ
XWGE
XWGW
XWGU
XWGX
XWGL
XWGT
XWGY
XWGC
XWGS
XWJ
XWJG
XWJJ
XWJE
XWJW
XWJU
XWJX
XWJL
XWJT
XWJY
XWJC
XWJS
XWE
XWEG
XWEJ
XWEE
XWEW
XWEU
XWEX
XWEL
XWET
XWEY
XWEC
XWES
XWW
XWWG
XWWJ
XWWE
XWWW
XWWU
XWWX
XWWL
XWWT
XWWY
XWWC
XWWS
XWU
XWUG
XWUJ
XWUE
XWUW
XWUU
XWUX
XWUL
XWUT
XWUY
XWUC
XWUS
XWX
XWXG
XWXJ
XWXE
XWXW
XWXU
XWXX
XWXL
XWXT
XWXY
XWXC
XWXS
XWL
XWLG
XWLJ
XWLE
XWLW
XWLU
XWLX
XWLL
XWLT
XWLY
XWLC
XWLS
XWT
XWTG
XWTJ
XWTE
XWTW
XWTU
XWTX
XWTL
XWTT
XWTY
XWTC
XWTS
XWY
XWYG
XWYJ
XWYE
XWYW
XWYU
XWYX
XWYL
XWYT
XWYY
XWYC
XWYS
XWC
XWCG
XWCJ
XWCE
XWCW
XWCU
XWCX
XWCL
XWCT
XWCY
XWCC
XWCS
XWS
XWSG
XWSJ
XWSE
XWSW
XWSU
XWSX
XWSL
XWST
XWSY
XWSC
XWSS
XU
XUG
XUGG
XUGJ
XUGE
XUGW
XUGU
XUGX
XUGL
XUGT
XUGY
XUGC
XUGS
XUJ
XUJG
XUJJ
XUJE
XUJW
XUJU
XUJX
XUJL
XUJT
XUJY
XUJC
XUJS
XUE
XUEG
XUEJ
XUEE
XUEW
XUEU
XUEX
XUEL
XUET
XUEY
XUEC
XUES
XUW
XUWG
XUWJ
XUWE
XUWW
XUWU
XUWX
XUWL
XUWT
XUWY
XUWC
XUWS
XUU
XUUG
XUUJ
XUUE
XUUW
XUUU
XUUX
XUUL
XUUT
XUUY
XUUC
XUUS
XUX
XUXG
XUXJ
XUXE
XUXW
XUXU
XUXX
XUXL
XUXT
XUXY
XUXC
XUXS
XUL
XULG
XULJ
XULE
XULW
XULU
XULX
XULL
XULT
XULY
XULC
XULS
XUT
XUTG
XUTJ
XUTE
XUTW
XUTU
XUTX
XUTL
XUTT
XUTY
XUTC
XUTS
XUY
XUYG
XUYJ
XUYE
XUYW
XUYU
XUYX
XUYL
XUYT
XUYY
XUYC
XUYS
XUC
XUCG
XUCJ
XUCE
XUCW
XUCU
XUCX
XUCL
XUCT
XUCY
XUCC
XUCS
XUS
XUSG
XUSJ
XUSE
XUSW
XUSU
XUSX
XUSL
XUST
XUSY
XUSC
XUSS
XX
XXG
XXGG
XXGJ
XXGE
XXGW
XXGU
XXGX
XXGL
XXGT
XXGY
XXGC
XXGS
XXJ
XXJG
XXJJ
XXJE
XXJW
XXJU
XXJX
XXJL
XXJT
XXJY
XXJC
XXJS
XXE
XXEG
XXEJ
XXEE
XXEW
XXEU
XXEX
XXEL
XXET
XXEY
XXEC
XXES
XXW
XXWG
XXWJ
XXWE
XXWW
XXWU
XXWX
XXWL
XXWT
XXWY
XXWC
XXWS
XXU
XXUG
XXUJ
XXUE
XXUW
XXUU
XXUX
XXUL
XXUT
XXUY
XXUC
XXUS
XXX
XXXG
XXXJ
XXXE
XXXW
XXXU
XXXX
XXXL
XXXT
XXXY
XXXC
XXXS
XXL
XXLG
XXLJ
XXLE
XXLW
XXLU
XXLX
XXLL
XXLT
XXLY
XXLC
XXLS
XXT
XXTG
XXTJ
XXTE
XXTW
XXTU
XXTX
XXTL
XXTT
XXTY
XXTC
XXTS
XXY
XXYG
XXYJ
XXYE
XXYW
XXYU
XXYX
XXYL
XXYT
XXYY
XXYC
XXYS
XXC
XXCG
XXCJ
XXCE
XXCW
XXCU
XXCX
XXCL
XXCT
XXCY
XXCC
XXCS
XXS
XXSG
XXSJ
XXSE
XXSW
XXSU
XXSX
XXSL
XXST
XXSY
XXSC
XXSS
XL
XLG
XLGG
XLGJ
XLGE
XLGW
XLGU
XLGX
XLGL
XLGT
XLGY
XLGC
XLGS
XLJ
XLJG
XLJJ
XLJE
XLJW
XLJU
XLJX
XLJL
XLJT
XLJY
XLJC
XLJS
XLE
XLEG
XLEJ
XLEE
XLEW
XLEU
XLEX
XLEL
XLET
XLEY
XLEC
XLES
XLW
XLWG
XLWJ
XLWE
XLWW
XLWU
XLWX
XLWL
XLWT
XLWY
XLWC
XLWS
XLU
XLUG
XLUJ
XLUE
XLUW
XLUU
XLUX
XLUL
XLUT
XLUY
XLUC
XLUS
XLX
XLXG
XLXJ
XLXE
XLXW
XLXU
XLXX
XLXL
XLXT
XLXY
XLXC
XLXS
XLL
XLLG
XLLJ
XLLE
XLLW
XLLU
XLLX
XLLL
XLLT
XLLY
XLLC
XLLS
XLT
XLTG
XLTJ
XLTE
XLTW
XLTU
XLTX
XLTL
XLTT
XLTY
XLTC
XLTS
XLY
XLYG
XLYJ
XLYE
XLYW
XLYU
XLYX
XLYL
XLYT
XLYY
XLYC
XLYS
XLC
XLCG
XLCJ
XLCE
XLCW
XLCU
XLCX
XLCL
XLCT
XLCY
XLCC
XLCS
XLS
XLSG
XLSJ
XLSE
XLSW
XLSU
XLSX
XLSL
XLST
XLSY
XLSC
XLSS
XT
XTG
XTGG
XTGJ
XTGE
XTGW
XTGU
XTGX
XTGL
XTGT
XTGY
XTGC
XTGS
XTJ
XTJG
XTJJ
XTJE
XTJW
XTJU
XTJX
XTJL
XTJT
XTJY
XTJC
XTJS
XTE
XTEG
XTEJ
XTEE
XTEW
XTEU
XTEX
XTEL
XTET
XTEY
XTEC
XTES
XTW
XTWG
XTWJ
XTWE
XTWW
XTWU
XTWX
XTWL
XTWT
XTWY
XTWC
XTWS
XTU
XTUG
XTUJ
XTUE
XTUW
XTUU
XTUX
XTUL
XTUT
XTUY
XTUC
XTUS
XTX
XTXG
XTXJ
XTXE
XTXW
XTXU
XTXX
XTXL
XTXT
XTXY
XTXC
XTXS
XTL
XTLG
XTLJ
XTLE
XTLW
XTLU
XTLX
XTLL
XTLT
XTLY
XTLC
XTLS
XTT
XTTG
XTTJ
XTTE
XTTW
XTTU
XTTX
XTTL
XTTT
XTTY
XTTC
XTTS
XTY
XTYG
XTYJ
XTYE
XTYW
XTYU
XTYX
XTYL
XTYT
XTYY
XTYC
XTYS
XTC
XTCG
XTCJ
XTCE
XTCW
XTCU
XTCX
XTCL
XTCT
XTCY
XTCC
XTCS
XTS
XTSG
XTSJ
XTSE
XTSW
XTSU
XTSX
XTSL
XTST
XTSY
XTSC
XTSS
XY
XYG
XYGG
XYGJ
XYGE
XYGW
XYGU
XYGX
XYGL
XYGT
XYGY
XYGC
XYGS
XYJ
XYJG
XYJJ
XYJE
XYJW
XYJU
XYJX
XYJL
XYJT
XYJY
XYJC
XYJS
XYE
XYEG
XYEJ
XYEE
XYEW
XYEU
XYEX
XYEL
XYET
XYEY
XYEC
XYES
XYW
XYWG
XYWJ
XYWE
XYWW
XYWU
XYWX
XYWL
XYWT
XYWY
XYWC
XYWS
XYU
XYUG
XYUJ
XYUE
XYUW
XYUU
XYUX
XYUL
XYUT
XYUY
XYUC
XYUS
XYX
XYXG
XYXJ
XYXE
XYXW
XYXU
XYXX
XYXL
XYXT
XYXY
XYXC
XYXS
XYL
XYLG
XYLJ
XYLE
XYLW
XYLU
XYLX
XYLL
XYLT
XYLY
XYLC
XYLS
XYT
XYTG
XYTJ
XYTE
XYTW
XYTU
XYTX
XYTL
XYTT
XYTY
XYTC
XYTS
XYY
XYYG
XYYJ
XYYE
XYYW
XYYU
XYYX
XYYL
XYYT
XYYY
XYYC
XYYS
XYC
XYCG
XYCJ
XYCE
XYCW
XYCU
XYCX
XYCL
XYCT
XYCY
XYCC
XYCS
XYS
XYSG
XYSJ
XYSE
XYSW
XYSU
XYSX
XYSL
XYST
XYSY
XYSC
XYSS
XC
XCG
XCGG
XCGJ
XCGE
XCGW
XCGU
XCGX
XCGL
XCGT
XCGY
XCGC
XCGS
XCJ
XCJG
XCJJ
XCJE
XCJW
XCJU
XCJX
XCJL
XCJT
XCJY
XCJC
XCJS
XCE
XCEG
XCEJ
XCEE
XCEW
XCEU
XCEX
XCEL
XCET
XCEY
XCEC
XCES
XCW
XCWG
XCWJ
XCWE
XCWW
XCWU
XCWX
XCWL
XCWT
XCWY
XCWC
XCWS
XCU
XCUG
XCUJ
XCUE
XCUW
XCUU
XCUX
XCUL
XCUT
XCUY
XCUC
XCUS
XCX
XCXG
XCXJ
XCXE
XCXW
XCXU
XCXX
XCXL
XCXT
XCXY
XCXC
XCXS
XCL
XCLG
XCLJ
XCLE
XCLW
XCLU
XCLX
XCLL
XCLT
XCLY
XCLC
XCLS
XCT
XCTG
XCTJ
XCTE
XCTW
XCTU
XCTX
XCTL
XCTT
XCTY
XCTC
XCTS
XCY
XCYG
XCYJ
XCYE
XCYW
XCYU
XCYX
XCYL
XCYT
XCYY
XCYC
XCYS
XCC
XCCG
XCCJ
XCCE
XCCW
XCCU
XCCX
XCCL
XCCT
XCCY
XCCC
XCCS
XCS
XCSG
XCSJ
XCSE
XCSW
XCSU
XCSX
XCSL
XCST
XCSY
XCSC
XCSS
XS
XSG
XSGG
XSGJ
XSGE
XSGW
XSGU
XSGX
XSGL
XSGT
XSGY
XSGC
XSGS
XSJ
XSJG
XSJJ
XSJE
XSJW
XSJU
XSJX
XSJL
XSJT
XSJY
XSJC
XSJS
XSE
XSEG
XSEJ
XSEE
XSEW
XSEU
XSEX
XSEL
XSET
XSEY
XSEC
XSES
XSW
XSWG
XSWJ
XSWE
XSWW
XSWU
XSWX
XSWL
XSWT
XSWY
XSWC
XSWS
XSU
XSUG
XSUJ
XSUE
XSUW
XSUU
XSUX
XSUL
XSUT
XSUY
XSUC
XSUS
XSX
XSXG
XSXJ
XSXE
XSXW
XSXU
XSXX
XSXL
XSXT
XSXY
XSXC
XSXS
XSL
XSLG
XSLJ
XSLE
XSLW
XSLU
XSLX
XSLL
XSLT
XSLY
XSLC
XSLS
XST
XSTG
XSTJ
XSTE
XSTW
XSTU
XSTX
XSTL
XSTT
XSTY
XSTC
XSTS
XSY
XSYG
XSYJ
XSYE
XSYW
XSYU
XSYX
XSYL
XSYT
XSYY
XSYC
XSYS
XSC
XSCG
XSCJ
XSCE
XSCW
XSCU
XSCX
XSCL
XSCT
XSCY
XSCC
XSCS
XSS
XSSG
XSSJ
XSSE
XSSW
XSSU
XSSX
XSSL
XSST
XSSY
XSSC
XSSS
L
LG
LGG
LGGG
LGGJ
LGGE
LGGW
LGGU
LGGX
LGGL
LGGT
LGGY
LGGC
LGGS
LGJ
LGJG
LGJJ
LGJE
LGJW
LGJU
LGJX
LGJL
LGJT
LGJY
LGJC
LGJS
LGE
LGEG
LGEJ
LGEE
LGEW
LGEU
LGEX
LGEL
LGET
LGEY
LGEC
LGES
LGW
LGWG
LGWJ
LGWE
LGWW
LGWU
LGWX
LGWL
LGWT
LGWY
LGWC
LGWS
LGU
LGUG
LGUJ
LGUE
LGUW
LGUU
LGUX
LGUL
LGUT
LGUY
LGUC
LGUS
LGX
LGXG
LGXJ
LGXE
LGXW
LGXU
LGXX
LGXL
LGXT
LGXY
LGXC
LGXS
LGL
LGLG
LGLJ
LGLE
LGLW
LGLU
LGLX
LGLL
LGLT
LGLY
LGLC
LGLS
LGT
LGTG
LGTJ
LGTE
LGTW
LGTU
LGTX
LGTL
LGTT
LGTY
LGTC
LGTS
LGY
LGYG
LGYJ
LGYE
LGYW
LGYU
LGYX
LGYL
LGYT
LGYY
LGYC
LGYS
LGC
LGCG
LGCJ
LGCE
LGCW
LGCU
LGCX
LGCL
LGCT
LGCY
LGCC
LGCS
LGS
LGSG
LGSJ
LGSE
LGSW
LGSU
LGSX
LGSL
LGST
LGSY
LGSC
LGSS
LJ
LJG
LJGG
LJGJ
LJGE
LJGW
LJGU
LJGX
LJGL
LJGT
LJGY
LJGC
LJGS
LJJ
LJJG
LJJJ
LJJE
LJJW
LJJU
LJJX
LJJL
LJJT
LJJY
LJJC
LJJS
LJE
LJEG
LJEJ
LJEE
LJEW
LJEU
LJEX
LJEL
LJET
LJEY
LJEC
LJES
LJW
LJWG
LJWJ
LJWE
LJWW
LJWU
LJWX
LJWL
LJWT
LJWY
LJWC
LJWS
LJU
LJUG
LJUJ
LJUE
LJUW
LJUU
LJUX
LJUL
LJUT
LJUY
LJUC
LJUS
LJX
LJXG
LJXJ
LJXE
LJXW
LJXU
LJXX
LJXL
LJXT
LJXY
LJXC
LJXS
LJL
LJLG
LJLJ
LJLE
LJLW
LJLU
LJLX
LJLL
LJLT
LJLY
LJLC
LJLS
LJT
LJTG
LJTJ
LJTE
LJTW
LJTU
LJTX
LJTL
LJTT
LJTY
LJTC
LJTS
LJY
LJYG
LJYJ
LJYE
LJYW
LJYU
LJYX
LJYL
LJYT
LJYY
LJYC
LJYS
LJC
LJCG
LJCJ
LJCE
LJCW
LJCU
LJCX
LJCL
LJCT
LJCY
LJCC
LJCS
LJS
LJSG
LJSJ
LJSE
LJSW
LJSU
LJSX
LJSL
LJST
LJSY
LJSC
LJSS
LE
LEG
LEGG
LEGJ
LEGE
LEGW
LEGU
LEGX
LEGL
LEGT
LEGY
LEGC
LEGS
LEJ
LEJG
LEJJ
LEJE
LEJW
LEJU
LEJX
LEJL
LEJT
LEJY
LEJC
LEJS
LEE
LEEG
LEEJ
LEEE
LEEW
LEEU
LEEX
LEEL
LEET
LEEY
LEEC
LEES
LEW
LEWG
LEWJ
LEWE
LEWW
LEWU
LEWX
LEWL
LEWT
LEWY
LEWC
LEWS
LEU
LEUG
LEUJ
LEUE
LEUW
LEUU
LEUX
LEUL
LEUT
LEUY
LEUC
LEUS
LEX
LEXG
LEXJ
LEXE
LEXW
LEXU
LEXX
LEXL
LEXT
LEXY
LEXC
LEXS
LEL
LELG
LELJ
LELE
LELW
LELU
LELX
LELL
LELT
LELY
LELC
LELS
LET
LETG
LETJ
LETE
LETW
LETU
LETX
LETL
LETT
LETY
LETC
LETS
LEY
LEYG
LEYJ
LEYE
LEYW
LEYU
LEYX
LEYL
LEYT
LEYY
LEYC
LEYS
LEC
LECG
LECJ
LECE
LECW
LECU
LECX
LECL
LECT
LECY
LECC
LECS
LES
LESG
LESJ
LESE
LESW
LESU
LESX
LESL
LEST
LESY
LESC
LESS
LW
LWG
LWGG
LWGJ
LWGE
LWGW
LWGU
LWGX
LWGL
LWGT
LWGY
LWGC
LWGS
LWJ
LWJG
LWJJ
LWJE
LWJW
LWJU
LWJX
LWJL
LWJT
LWJY
LWJC
LWJS
LWE
LWEG
LWEJ
LWEE
LWEW
LWEU
LWEX
LWEL
LWET
LWEY
LWEC
LWES
LWW
LWWG
LWWJ
LWWE
LWWW
LWWU
LWWX
LWWL
LWWT
LWWY
LWWC
LWWS
LWU
LWUG
LWUJ
LWUE
LWUW
LWUU
LWUX
LWUL
LWUT
LWUY
LWUC
LWUS
LWX
LWXG
LWXJ
LWXE
LWXW
LWXU
LWXX
LWXL
LWXT
LWXY
LWXC
LWXS
LWL
LWLG
LWLJ
LWLE
LWLW
LWLU
LWLX
LWLL
LWLT
LWLY
LWLC
LWLS
LWT
LWTG
LWTJ
LWTE
LWTW
LWTU
LWTX
LWTL
LWTT
LWTY
LWTC
LWTS
LWY
LWYG
LWYJ
LWYE
LWYW
LWYU
LWYX
LWYL
LWYT
LWYY
LWYC
LWYS
LWC
LWCG
LWCJ
LWCE
LWCW
LWCU
LWCX
LWCL
LWCT
LWCY
LWCC
LWCS
LWS
LWSG
LWSJ
LWSE
LWSW
LWSU
LWSX
LWSL
LWST
LWSY
LWSC
LWSS
LU
LUG
LUGG
LUGJ
LUGE
LUGW
LUGU
LUGX
LUGL
LUGT
LUGY
LUGC
LUGS
LUJ
LUJG
LUJJ
LUJE
LUJW
LUJU
LUJX
LUJL
LUJT
LUJY
LUJC
LUJS
LUE
LUEG
LUEJ
LUEE
LUEW
LUEU
LUEX
LUEL
LUET
LUEY
LUEC
LUES
LUW
LUWG
LUWJ
LUWE
LUWW
LUWU
LUWX
LUWL
LUWT
LUWY
LUWC
LUWS
LUU
LUUG
LUUJ
LUUE
LUUW
LUUU
LUUX
LUUL
LUUT
LUUY
LUUC
LUUS
LUX
LUXG
LUXJ
LUXE
LUXW
LUXU
LUXX
LUXL
LUXT
LUXY
LUXC
LUXS
LUL
LULG
LULJ
LULE
LULW
LULU
LULX
LULL
LULT
LULY
LULC
LULS
LUT
LUTG
LUTJ
LUTE
LUTW
LUTU
LUTX
LUTL
LUTT
LUTY
LUTC
LUTS
LUY
LUYG
LUYJ
LUYE
LUYW
LUYU
LUYX
LUYL
LUYT
LUYY
LUYC
LUYS
LUC
LUCG
LUCJ
LUCE
LUCW
LUCU
LUCX
LUCL
LUCT
LUCY
LUCC
LUCS
LUS
LUSG
LUSJ
LUSE
LUSW
LUSU
LUSX
LUSL
LUST
LUSY
LUSC
LUSS
LX
LXG
LXGG
LXGJ
LXGE
LXGW
LXGU
LXGX
LXGL
LXGT
LXGY
LXGC
LXGS
LXJ
LXJG
LXJJ
LXJE
LXJW
LXJU
LXJX
LXJL
LXJT
LXJY
LXJC
LXJS
LXE
LXEG
LXEJ
LXEE
LXEW
LXEU
LXEX
LXEL
LXET
LXEY
LXEC
LXES
LXW
LXWG
LXWJ
LXWE
LXWW
LXWU
LXWX
LXWL
LXWT
LXWY
LXWC
LXWS
LXU
LXUG
LXUJ
LXUE
LXUW
LXUU
LXUX
LXUL
LXUT
LXUY
LXUC
LXUS
LXX
LXXG
LXXJ
LXXE
LXXW
LXXU
LXXX
LXXL
LXXT
LXXY
LXXC
LXXS
LXL
LXLG
LXLJ
LXLE
LXLW
LXLU
LXLX
LXLL
LXLT
LXLY
LXLC
LXLS
LXT
LXTG
LXTJ
LXTE
LXTW
LXTU
LXTX
LXTL
LXTT
LXTY
LXTC
LXTS
LXY
LXYG
LXYJ
LXYE
LXYW
LXYU
LXYX
LXYL
LXYT
LXYY
LXYC
LXYS
LXC
LXCG
LXCJ
LXCE
LXCW
LXCU
LXCX
LXCL
LXCT
LXCY
LXCC
LXCS
LXS
LXSG
LXSJ
LXSE
LXSW
LXSU
LXSX
LXSL
LXST
LXSY
LXSC
LXSS
LL
LLG
LLGG
LLGJ
LLGE
LLGW
LLGU
LLGX
LLGL
LLGT
LLGY
LLGC
LLGS
LLJ
LLJG
LLJJ
LLJE
LLJW
LLJU
LLJX
LLJL
LLJT
LLJY
LLJC
LLJS
LLE
LLEG
LLEJ
LLEE
LLEW
LLEU
LLEX
LLEL
LLET
LLEY
LLEC
LLES
LLW
LLWG
LLWJ
LLWE
LLWW
LLWU
LLWX
LLWL
LLWT
LLWY
LLWC
LLWS
LLU
LLUG
LLUJ
LLUE
LLUW
LLUU
LLUX
LLUL
LLUT
LLUY
LLUC
LLUS
LLX
LLXG
LLXJ
LLXE
LLXW
LLXU
LLXX
LLXL
LLXT
LLXY
LLXC
LLXS
LLL
LLLG
LLLJ
LLLE
LLLW
LLLU
LLLX
LLLL
LLLT
LLLY
LLLC
LLLS
LLT
LLTG
LLTJ
LLTE
LLTW
LLTU
LLTX
LLTL
LLTT
LLTY
LLTC
LLTS
LLY
LLYG
LLYJ
LLYE
LLYW
LLYU
LLYX
LLYL
LLYT
LLYY
LLYC
LLYS
LLC
LLCG
LLCJ
LLCE
LLCW
LLCU
LLCX
LLCL
LLCT
LLCY
LLCC
LLCS
LLS
LLSG
LLSJ
LLSE
LLSW
LLSU
LLSX
LLSL
LLST
LLSY
LLSC
LLSS
LT
LTG
LTGG
LTGJ
LTGE
LTGW
LTGU
LTGX
LTGL
LTGT
LTGY
LTGC
LTGS
LTJ
LTJG
LTJJ
LTJE
LTJW
LTJU
LTJX
LTJL
LTJT
LTJY
LTJC
LTJS
LTE
LTEG
LTEJ
LTEE
LTEW
LTEU
LTEX
LTEL
LTET
LTEY
LTEC
LTES
LTW
LTWG
LTWJ
LTWE
LTWW
LTWU
LTWX
LTWL
LTWT
LTWY
LTWC
LTWS
LTU
LTUG
LTUJ
LTUE
LTUW
LTUU
LTUX
LTUL
LTUT
LTUY
LTUC
LTUS
LTX
LTXG
LTXJ
LTXE
LTXW
LTXU
LTXX
LTXL
LTXT
LTXY
LTXC
LTXS
LTL
LTLG
LTLJ
LTLE
LTLW
LTLU
LTLX
LTLL
LTLT
LTLY
LTLC
LTLS
LTT
LTTG
LTTJ
LTTE
LTTW
LTTU
LTTX
LTTL
LTTT
LTTY
LTTC
LTTS
LTY
LTYG
LTYJ
LTYE
LTYW
LTYU
LTYX
LTYL
LTYT
LTYY
LTYC
LTYS
LTC
LTCG
LTCJ
LTCE
LTCW
LTCU
LTCX
LTCL
LTCT
LTCY
LTCC
LTCS
LTS
LTSG
LTSJ
LTSE
LTSW
LTSU
LTSX
LTSL
LTST
LTSY
LTSC
LTSS
LY
LYG
LYGG
LYGJ
LYGE
LYGW
LYGU
LYGX
LYGL
LYGT
LYGY
LYGC
LYGS
LYJ
LYJG
LYJJ
LYJE
LYJW
LYJU
LYJX
LYJL
LYJT
LYJY
LYJC
LYJS
LYE
LYEG
LYEJ
LYEE
LYEW
LYEU
LYEX
LYEL
LYET
LYEY
LYEC
LYES
LYW
LYWG
LYWJ
LYWE
LYWW
LYWU
LYWX
LYWL
LYWT
LYWY
LYWC
LYWS
LYU
LYUG
LYUJ
LYUE
LYUW
LYUU
LYUX
LYUL
LYUT
LYUY
LYUC
LYUS
LYX
LYXG
LYXJ
LYXE
LYXW
LYXU
LYXX
LYXL
LYXT
LYXY
LYXC
LYXS
LYL
LYLG
LYLJ
LYLE
LYLW
LYLU
LYLX
LYLL
LYLT
LYLY
LYLC
LYLS
LYT
LYTG
LYTJ
LYTE
LYTW
LYTU
LYTX
LYTL
LYTT
LYTY
LYTC
LYTS
LYY
LYYG
LYYJ
LYYE
LYYW
LYYU
LYYX
LYYL
LYYT
LYYY
LYYC
LYYS
LYC
LYCG
LYCJ
LYCE
LYCW
LYCU
LYCX
LYCL
LYCT
LYCY
LYCC
LYCS
LYS
LYSG
LYSJ
LYSE
LYSW
LYSU
LYSX
LYSL
LYST
LYSY
LYSC
LYSS
LC
LCG
LCGG
LCGJ
LCGE
LCGW
LCGU
LCGX
LCGL
LCGT
LCGY
LCGC
LCGS
LCJ
LCJG
LCJJ
LCJE
LCJW
LCJU
LCJX
LCJL
LCJT
LCJY
LCJC
LCJS
LCE
LCEG
LCEJ
LCEE
LCEW
LCEU
LCEX
LCEL
LCET
LCEY
LCEC
LCES
LCW
LCWG
LCWJ
LCWE
LCWW
LCWU
LCWX
LCWL
LCWT
LCWY
LCWC
LCWS
LCU
LCUG
LCUJ
LCUE
LCUW
LCUU
LCUX
LCUL
LCUT
LCUY
LCUC
LCUS
LCX
LCXG
LCXJ
LCXE
LCXW
LCXU
LCXX
LCXL
LCXT
LCXY
LCXC
LCXS
LCL
LCLG
LCLJ
LCLE
LCLW
LCLU
LCLX
LCLL
LCLT
LCLY
LCLC
LCLS
LCT
LCTG
LCTJ
LCTE
LCTW
LCTU
LCTX
LCTL
LCTT
LCTY
LCTC
LCTS
LCY
LCYG
LCYJ
LCYE
LCYW
LCYU
LCYX
LCYL
LCYT
LCYY
LCYC
LCYS
LCC
LCCG
LCCJ
LCCE
LCCW
LCCU
LCCX
LCCL
LCCT
LCCY
LCCC
LCCS
LCS
LCSG
LCSJ
LCSE
LCSW
LCSU
LCSX
LCSL
LCST
LCSY
LCSC
LCSS
LS
LSG
LSGG
LSGJ
LSGE
LSGW
LSGU
LSGX
LSGL
LSGT
LSGY
LSGC
LSGS
LSJ
LSJG
LSJJ
LSJE
LSJW
LSJU
LSJX
LSJL
LSJT
LSJY
LSJC
LSJS
LSE
LSEG
LSEJ
LSEE
LSEW
LSEU
LSEX
LSEL
LSET
LSEY
LSEC
LSES
LSW
LSWG
LSWJ
LSWE
LSWW
LSWU
LSWX
LSWL
LSWT
LSWY
LSWC
LSWS
LSU
LSUG
LSUJ
LSUE
LSUW
LSUU
LSUX
LSUL
LSUT
LSUY
LSUC
LSUS
LSX
LSXG
LSXJ
LSXE
LSXW
LSXU
LSXX
LSXL
LSXT
LSXY
LSXC
LSXS
LSL
LSLG
LSLJ
LSLE
LSLW
LSLU
LSLX
LSLL
LSLT
LSLY
LSLC
LSLS
LST
LSTG
LSTJ
LSTE
LSTW
LSTU
LSTX
LSTL
LSTT
LSTY
LSTC
LSTS
LSY
LSYG
LSYJ
LSYE
LSYW
LSYU
LSYX
LSYL
LSYT
LSYY
LSYC
LSYS
LSC
LSCG
LSCJ
LSCE
LSCW
LSCU
LSCX
LSCL
LSCT
LSCY
LSCC
LSCS
LSS
LSSG
LSSJ
LSSE
LSSW
LSSU
LSSX
LSSL
LSST
LSSY
LSSC
LSSS
T
TG
TGG
TGGG
TGGJ
TGGE
TGGW
TGGU
TGGX
TGGL
TGGT
TGGY
TGGC
TGGS
TGJ
TGJG
TGJJ
TGJE
TGJW
TGJU
TGJX
TGJL
TGJT
TGJY
TGJC
TGJS
TGE
TGEG
TGEJ
TGEE
TGEW
TGEU
TGEX
TGEL
TGET
TGEY
TGEC
TGES
TGW
TGWG
TGWJ
TGWE
TGWW
TGWU
TGWX
TGWL
TGWT
TGWY
TGWC
TGWS
TGU
TGUG
TGUJ
TGUE
TGUW
TGUU
TGUX
TGUL
TGUT
TGUY
TGUC
TGUS
TGX
TGXG
TGXJ
TGXE
TGXW
TGXU
TGXX
TGXL
TGXT
TGXY
TGXC
TGXS
TGL
TGLG
TGLJ
TGLE
TGLW
TGLU
TGLX
TGLL
TGLT
TGLY
TGLC
TGLS
TGT
TGTG
TGTJ
TGTE
TGTW
TGTU
TGTX
TGTL
TGTT
TGTY
TGTC
TGTS
TGY
TGYG
TGYJ
TGYE
TGYW
TGYU
TGYX
TGYL
TGYT
TGYY
TGYC
TGYS
TGC
TGCG
TGCJ
TGCE
TGCW
TGCU
TGCX
TGCL
TGCT
TGCY
TGCC
TGCS
TGS
TGSG
TGSJ
TGSE
TGSW
TGSU
TGSX
TGSL
TGST
TGSY
TGSC
TGSS
TJ
TJG
TJGG
TJGJ
TJGE
TJGW
TJGU
TJGX
TJGL
TJGT
TJGY
TJGC
TJGS
TJJ
TJJG
TJJJ
TJJE
TJJW
TJJU
TJJX
TJJL
TJJT
TJJY
TJJC
TJJS
TJE
TJEG
TJEJ
TJEE
TJEW
TJEU
TJEX
TJEL
TJET
TJEY
TJEC
TJES
TJW
TJWG
TJWJ
TJWE
TJWW
TJWU
TJWX
TJWL
TJWT
TJWY
TJWC
TJWS
TJU
TJUG
TJUJ
TJUE
TJUW
TJUU
TJUX
TJUL
TJUT
TJUY
TJUC
TJUS
TJX
TJXG
TJXJ
TJXE
TJXW
TJXU
TJXX
TJXL
TJXT
TJXY
TJXC
TJXS
TJL
TJLG
TJLJ
TJLE
TJLW
TJLU
TJLX
TJLL
TJLT
TJLY
TJLC
TJLS
TJT
TJTG
TJTJ
TJTE
TJTW
TJTU
TJTX
TJTL
TJTT
TJTY
TJTC
TJTS
TJY
TJYG
TJYJ
TJYE
TJYW
TJYU
TJYX
TJYL
TJYT
TJYY
TJYC
TJYS
TJC
TJCG
TJCJ
TJCE
TJCW
TJCU
TJCX
TJCL
TJCT
TJCY
TJCC
TJCS
TJS
TJSG
TJSJ
TJSE
TJSW
TJSU
TJSX
TJSL
TJST
TJSY
TJSC
TJSS
TE
TEG
TEGG
TEGJ
TEGE
TEGW
TEGU
TEGX
TEGL
TEGT
TEGY
TEGC
TEGS
TEJ
TEJG
TEJJ
TEJE
TEJW
TEJU
TEJX
TEJL
TEJT
TEJY
TEJC
TEJS
TEE
TEEG
TEEJ
TEEE
TEEW
TEEU
TEEX
TEEL
TEET
TEEY
TEEC
TEES
TEW
TEWG
TEWJ
TEWE
TEWW
TEWU
TEWX
TEWL
TEWT
TEWY
TEWC
TEWS
TEU
TEUG
TEUJ
TEUE
TEUW
TEUU
TEUX
TEUL
TEUT
TEUY
TEUC
TEUS
TEX
TEXG
TEXJ
TEXE
TEXW
TEXU
TEXX
TEXL
TEXT
TEXY
TEXC
TEXS
TEL
TELG
TELJ
TELE
TELW
TELU
TELX
TELL
TELT
TELY
TELC
TELS
TET
TETG
TETJ
TETE
TETW
TETU
TETX
TETL
TETT
TETY
TETC
TETS
TEY
TEYG
TEYJ
TEYE
TEYW
TEYU
TEYX
TEYL
TEYT
TEYY
TEYC
TEYS
TEC
TECG
TECJ
TECE
TECW
TECU
TECX
TECL
TECT
TECY
TECC
TECS
TES
TESG
TESJ
TESE
TESW
TESU
TESX
TESL
TEST
TESY
TESC
TESS
TW
TWG
TWGG
TWGJ
TWGE
TWGW
TWGU
TWGX
TWGL
TWGT
TWGY
TWGC
TWGS
TWJ
TWJG
TWJJ
TWJE
TWJW
TWJU
TWJX
TWJL
TWJT
TWJY
TWJC
TWJS
TWE
TWEG
TWEJ
TWEE
TWEW
TWEU
TWEX
TWEL
TWET
TWEY
TWEC
TWES
TWW
TWWG
TWWJ
TWWE
TWWW
TWWU
TWWX
TWWL
TWWT
TWWY
TWWC
TWWS
TWU
TWUG
TWUJ
TWUE
TWUW
TWUU
TWUX
TWUL
TWUT
TWUY
TWUC
TWUS
TWX
TWXG
TWXJ
TWXE
TWXW
TWXU
TWXX
TWXL
TWXT
TWXY
TWXC
TWXS
TWL
TWLG
TWLJ
TWLE
TWLW
TWLU
TWLX
TWLL
TWLT
TWLY
TWLC
TWLS
TWT
TWTG
TWTJ
TWTE
TWTW
TWTU
TWTX
TWTL
TWTT
TWTY
TWTC
TWTS
TWY
TWYG
TWYJ
TWYE
TWYW
TWYU
TWYX
TWYL
TWYT
TWYY
TWYC
TWYS
TWC
TWCG
TWCJ
TWCE
TWCW
TWCU
TWCX
TWCL
TWCT
TWCY
TWCC
TWCS
TWS
TWSG
TWSJ
TWSE
TWSW
TWSU
TWSX
TWSL
TWST
TWSY
TWSC
TWSS
TU
TUG
TUGG
TUGJ
TUGE
TUGW
TUGU
TUGX
TUGL
TUGT
TUGY
TUGC
TUGS
TUJ
TUJG
TUJJ
TUJE
TUJW
TUJU
TUJX
TUJL
TUJT
TUJY
TUJC
TUJS
TUE
TUEG
TUEJ
TUEE
TUEW
TUEU
TUEX
TUEL
TUET
TUEY
TUEC
TUES
TUW
TUWG
TUWJ
TUWE
TUWW
TUWU
TUWX
TUWL
TUWT
TUWY
TUWC
TUWS
TUU
TUUG
TUUJ
TUUE
TUUW
TUUU
TUUX
TUUL
TUUT
TUUY
TUUC
TUUS
TUX
TUXG
TUXJ
TUXE
TUXW
TUXU
TUXX
TUXL
TUXT
TUXY
TUXC
TUXS
TUL
TULG
TULJ
TULE
TULW
TULU
TULX
TULL
TULT
TULY
TULC
TULS
TUT
TUTG
TUTJ
TUTE
TUTW
TUTU
TUTX
TUTL
TUTT
TUTY
TUTC
TUTS
TUY
TUYG
TUYJ
TUYE
TUYW
TUYU
TUYX
TUYL
TUYT
TUYY
TUYC
TUYS
TUC
TUCG
TUCJ
TUCE
TUCW
TUCU
TUCX
TUCL
TUCT
TUCY
TUCC
TUCS
TUS
TUSG
TUSJ
TUSE
TUSW
TUSU
TUSX
TUSL
TUST
TUSY
TUSC
TUSS
TX
TXG
TXGG
TXGJ
TXGE
TXGW
TXGU
TXGX
TXGL
TXGT
TXGY
TXGC
TXGS
TXJ
TXJG
TXJJ
TXJE
TXJW
TXJU
TXJX
TXJL
TXJT
TXJY
TXJC
TXJS
TXE
TXEG
TXEJ
TXEE
TXEW
TXEU
TXEX
TXEL
TXET
TXEY
TXEC
TXES
TXW
TXWG
TXWJ
TXWE
TXWW
TXWU
TXWX
TXWL
TXWT
TXWY
TXWC
TXWS
TXU
TXUG
TXUJ
TXUE
TXUW
TXUU
TXUX
TXUL
TXUT
TXUY
TXUC
TXUS
TXX
TXXG
TXXJ
TXXE
TXXW
TXXU
TXXX
TXXL
TXXT
TXXY
TXXC
TXXS
TXL
TXLG
TXLJ
TXLE
TXLW
TXLU
TXLX
TXLL
TXLT
TXLY
TXLC
TXLS
TXT
TXTG
TXTJ
TXTE
TXTW
TXTU
TXTX
TXTL
TXTT
TXTY
TXTC
TXTS
TXY
TXYG
TXYJ
TXYE
TXYW
TXYU
TXYX
TXYL
TXYT
TXYY
TXYC
TXYS
TXC
TXCG
TXCJ
TXCE
TXCW
TXCU
TXCX
TXCL
TXCT
TXCY
TXCC
TXCS
TXS
TXSG
TXSJ
TXSE
TXSW
TXSU
TXSX
TXSL
TXST
TXSY
TXSC
TXSS
TL
TLG
TLGG
TLGJ
TLGE
TLGW
TLGU
TLGX
TLGL
TLGT
TLGY
TLGC
TLGS
TLJ
TLJG
TLJJ
TLJE
TLJW
TLJU
TLJX
TLJL
TLJT
TLJY
TLJC
TLJS
TLE
TLEG
TLEJ
TLEE
TLEW
TLEU
TLEX
TLEL
TLET
TLEY
TLEC
TLES
TLW
TLWG
TLWJ
TLWE
TLWW
TLWU
TLWX
TLWL
TLWT
TLWY
TLWC
TLWS
TLU
TLUG
TLUJ
TLUE
TLUW
TLUU
TLUX
TLUL
TLUT
TLUY
TLUC
TLUS
TLX
TLXG
TLXJ
TLXE
TLXW
TLXU
TLXX
TLXL
TLXT
TLXY
TLXC
TLXS
TLL
TLLG
TLLJ
TLLE
TLLW
TLLU
TLLX
TLLL
TLLT
TLLY
TLLC
TLLS
TLT
TLTG
TLTJ
TLTE
TLTW
TLTU
TLTX
TLTL
TLTT
TLTY
TLTC
TLTS
TLY
TLYG
TLYJ
TLYE
TLYW
TLYU
TLYX
TLYL
TLYT
TLYY
TLYC
TLYS
TLC
TLCG
TLCJ
TLCE
TLCW
TLCU
TLCX
TLCL
TLCT
TLCY
TLCC
TLCS
TLS
TLSG
TLSJ
TLSE
TLSW
TLSU
TLSX
TLSL
TLST
TLSY
TLSC
TLSS
TT
TTG
TTGG
TTGJ
TTGE
TTGW
TTGU
TTGX
TTGL
TTGT
TTGY
TTGC
TTGS
TTJ
TTJG
TTJJ
TTJE
TTJW
TTJU
TTJX
TTJL
TTJT
TTJY
TTJC
TTJS
TTE
TTEG
TTEJ
TTEE
TTEW
TTEU
TTEX
TTEL
TTET
TTEY
TTEC
TTES
TTW
TTWG
TTWJ
TTWE
TTWW
TTWU
TTWX
TTWL
TTWT
TTWY
TTWC
TTWS
TTU
TTUG
TTUJ
TTUE
TTUW
TTUU
TTUX
TTUL
TTUT
TTUY
TTUC
TTUS
TTX
TTXG
TTXJ
TTXE
TTXW
TTXU
TTXX
TTXL
TTXT
TTXY
TTXC
TTXS
TTL
TTLG
TTLJ
TTLE
TTLW
TTLU
TTLX
TTLL
TTLT
TTLY
TTLC
TTLS
TTT
TTTG
TTTJ
TTTE
TTTW
TTTU
TTTX
TTTL
TTTT
TTTY
TTTC
TTTS
TTY
TTYG
TTYJ
TTYE
TTYW
TTYU
TTYX
TTYL
TTYT
TTYY
TTYC
TTYS
TTC
TTCG
TTCJ
TTCE
TTCW
TTCU
TTCX
TTCL
TTCT
TTCY
TTCC
TTCS
TTS
TTSG
TTSJ
TTSE
TTSW
TTSU
TTSX
TTSL
TTST
TTSY
TTSC
TTSS
TY
TYG
TYGG
TYGJ
TYGE
TYGW
TYGU
TYGX
TYGL
TYGT
TYGY
TYGC
TYGS
TYJ
TYJG
TYJJ
TYJE
TYJW
TYJU
TYJX
TYJL
TYJT
TYJY
TYJC
TYJS
TYE
TYEG
TYEJ
TYEE
TYEW
TYEU
TYEX
TYEL
TYET
TYEY
TYEC
TYES
TYW
TYWG
TYWJ
TYWE
TYWW
TYWU
TYWX
TYWL
TYWT
TYWY
TYWC
TYWS
TYU
TYUG
TYUJ
TYUE
TYUW
TYUU
TYUX
TYUL
TYUT
TYUY
TYUC
TYUS
TYX
TYXG
TYXJ
TYXE
TYXW
TYXU
TYXX
TYXL
TYXT
TYXY
TYXC
TYXS
TYL
TYLG
TYLJ
TYLE
TYLW
TYLU
TYLX
TYLL
TYLT
TYLY
TYLC
TYLS
TYT
TYTG
TYTJ
TYTE
TYTW
TYTU
TYTX
TYTL
TYTT
TYTY
TYTC
TYTS
TYY
TYYG
TYYJ
TYYE
TYYW
TYYU
TYYX
TYYL
TYYT
TYYY
TYYC
TYYS
TYC
TYCG
TYCJ
TYCE
TYCW
TYCU
TYCX
TYCL
TYCT
TYCY
TYCC
TYCS
TYS
TYSG
TYSJ
TYSE
TYSW
TYSU
TYSX
TYSL
TYST
TYSY
TYSC
TYSS
TC
TCG
TCGG
TCGJ
TCGE
TCGW
TCGU
TCGX
TCGL
TCGT
TCGY
TCGC
TCGS
TCJ
TCJG
TCJJ
TCJE
TCJW
TCJU
TCJX
TCJL
TCJT
TCJY
TCJC
TCJS
TCE
TCEG
TCEJ
TCEE
TCEW
TCEU
TCEX
TCEL
TCET
TCEY
TCEC
TCES
TCW
TCWG
TCWJ
TCWE
TCWW
TCWU
TCWX
TCWL
TCWT
TCWY
TCWC
TCWS
TCU
TCUG
TCUJ
TCUE
TCUW
TCUU
TCUX
TCUL
TCUT
TCUY
TCUC
TCUS
TCX
TCXG
TCXJ
TCXE
TCXW
TCXU
TCXX
TCXL
TCXT
TCXY
TCXC
TCXS
TCL
TCLG
TCLJ
TCLE
TCLW
TCLU
TCLX
TCLL
TCLT
TCLY
TCLC
TCLS
TCT
TCTG
TCTJ
TCTE
TCTW
TCTU
TCTX
TCTL
TCTT
TCTY
TCTC
TCTS
TCY
TCYG
TCYJ
TCYE
TCYW
TCYU
TCYX
TCYL
TCYT
TCYY
TCYC
TCYS
TCC
TCCG
TCCJ
TCCE
TCCW
TCCU
TCCX
TCCL
TCCT
TCCY
TCCC
TCCS
TCS
TCSG
TCSJ
TCSE
TCSW
TCSU
TCSX
TCSL
TCST
TCSY
TCSC
TCSS
TS
TSG
TSGG
TSGJ
TSGE
TSGW
TSGU
TSGX
TSGL
TSGT
TSGY
TSGC
TSGS
TSJ
TSJG
TSJJ
TSJE
TSJW
TSJU
TSJX
TSJL
TSJT
TSJY
TSJC
TSJS
TSE
TSEG
TSEJ
TSEE
TSEW
TSEU
TSEX
TSEL
TSET
TSEY
TSEC
TSES
TSW
TSWG
TSWJ
TSWE
TSWW
TSWU
TSWX
TSWL
TSWT
TSWY
TSWC
TSWS
TSU
TSUG
TSUJ
TSUE
TSUW
TSUU
TSUX
TSUL
TSUT
TSUY
TSUC
TSUS
TSX
TSXG
TSXJ
TSXE
TSXW
TSXU
TSXX
TSXL
TSXT
TSXY
TSXC
TSXS
TSL
TSLG
TSLJ
TSLE
TSLW
TSLU
TSLX
TSLL
TSLT
TSLY
TSLC
TSLS
TST
TSTG
TSTJ
TSTE
TSTW
TSTU
TSTX
TSTL
TSTT
TSTY
TSTC
TSTS
TSY
TSYG
TSYJ
TSYE
TSYW
TSYU
TSYX
TSYL
TSYT
TSYY
TSYC
TSYS
TSC
TSCG
TSCJ
TSCE
TSCW
TSCU
TSCX
TSCL
TSCT
TSCY
TSCC
TSCS
TSS
TSSG
TSSJ
TSSE
TSSW
TSSU
TSSX
TSSL
TSST
TSSY
TSSC
TSSS
Y
YG
YGG
YGGG
YGGJ
YGGE
YGGW
YGGU
YGGX
YGGL
YGGT
YGGY
YGGC
YGGS
YGJ
YGJG
YGJJ
YGJE
YGJW
YGJU
YGJX
YGJL
YGJT
YGJY
YGJC
YGJS
YGE
YGEG
YGEJ
YGEE
YGEW
YGEU
YGEX
YGEL
YGET
YGEY
YGEC
YGES
YGW
YGWG
YGWJ
YGWE
YGWW
YGWU
YGWX
YGWL
YGWT
YGWY
YGWC
YGWS
YGU
YGUG
YGUJ
YGUE
YGUW
YGUU
YGUX
YGUL
YGUT
YGUY
YGUC
YGUS
YGX
YGXG
YGXJ
YGXE
YGXW
YGXU
YGXX
YGXL
YGXT
YGXY
YGXC
YGXS
YGL
YGLG
YGLJ
YGLE
YGLW
YGLU
YGLX
YGLL
YGLT
YGLY
YGLC
YGLS
YGT
YGTG
YGTJ
YGTE
YGTW
YGTU
YGTX
YGTL
YGTT
YGTY
YGTC
YGTS
YGY
YGYG
YGYJ
YGYE
YGYW
YGYU
YGYX
YGYL
YGYT
YGYY
YGYC
YGYS
YGC
YGCG
YGCJ
YGCE
YGCW
YGCU
YGCX
YGCL
YGCT
YGCY
YGCC
YGCS
YGS
YGSG
YGSJ
YGSE
YGSW
YGSU
YGSX
YGSL
YGST
YGSY
YGSC
YGSS
YJ
YJG
YJGG
YJGJ
YJGE
YJGW
YJGU
YJGX
YJGL
YJGT
YJGY
YJGC
YJGS
YJJ
YJJG
YJJJ
YJJE
YJJW
YJJU
YJJX
YJJL
YJJT
YJJY
YJJC
YJJS
YJE
YJEG
YJEJ
YJEE
YJEW
YJEU
YJEX
YJEL
YJET
YJEY
YJEC
YJES
YJW
YJWG
YJWJ
YJWE
YJWW
YJWU
YJWX
YJWL
YJWT
YJWY
YJWC
YJWS
YJU
YJUG
YJUJ
YJUE
YJUW
YJUU
YJUX
YJUL
YJUT
YJUY
YJUC
YJUS
YJX
YJXG
YJXJ
YJXE
YJXW
YJXU
YJXX
YJXL
YJXT
YJXY
YJXC
YJXS
YJL
YJLG
YJLJ
YJLE
YJLW
YJLU
YJLX
YJLL
YJLT
YJLY
YJLC
YJLS
YJT
YJTG
YJTJ
YJTE
YJTW
YJTU
YJTX
YJTL
YJTT
YJTY
YJTC
YJTS
YJY
YJYG
YJYJ
YJYE
YJYW
YJYU
YJYX
YJYL
YJYT
YJYY
YJYC
YJYS
YJC
YJCG
YJCJ
YJCE
YJCW
YJCU
YJCX
YJCL
YJCT
YJCY
YJCC
YJCS
YJS
YJSG
YJSJ
YJSE
YJSW
YJSU
YJSX
YJSL
YJST
YJSY
YJSC
YJSS
YE
YEG
YEGG
YEGJ
YEGE
YEGW
YEGU
YEGX
YEGL
YEGT
YEGY
YEGC
YEGS
YEJ
YEJG
YEJJ
YEJE
YEJW
YEJU
YEJX
YEJL
YEJT
YEJY
YEJC
YEJS
YEE
YEEG
YEEJ
YEEE
YEEW
YEEU
YEEX
YEEL
YEET
YEEY
YEEC
YEES
YEW
YEWG
YEWJ
YEWE
YEWW
YEWU
YEWX
YEWL
YEWT
YEWY
YEWC
YEWS
YEU
YEUG
YEUJ
YEUE
YEUW
YEUU
YEUX
YEUL
YEUT
YEUY
YEUC
YEUS
YEX
YEXG
YEXJ
YEXE
YEXW
YEXU
YEXX
YEXL
YEXT
YEXY
YEXC
YEXS
YEL
YELG
YELJ
YELE
YELW
YELU
YELX
YELL
YELT
YELY
YELC
YELS
YET
YETG
YETJ
YETE
YETW
YETU
YETX
YETL
YETT
YETY
YETC
YETS
YEY
YEYG
YEYJ
YEYE
YEYW
YEYU
YEYX
YEYL
YEYT
YEYY
YEYC
YEYS
YEC
YECG
YECJ
YECE
YECW
YECU
YECX
YECL
YECT
YECY
YECC
YECS
YES
YESG
YESJ
YESE
YESW
YESU
YESX
YESL
YEST
YESY
YESC
YESS
YW
YWG
YWGG
YWGJ
YWGE
YWGW
YWGU
YWGX
YWGL
YWGT
YWGY
YWGC
YWGS
YWJ
YWJG
YWJJ
YWJE
YWJW
YWJU
YWJX
YWJL
YWJT
YWJY
YWJC
YWJS
YWE
YWEG
YWEJ
YWEE
YWEW
YWEU
YWEX
YWEL
YWET
YWEY
YWEC
YWES
YWW
YWWG
YWWJ
YWWE
YWWW
YWWU
YWWX
YWWL
YWWT
YWWY
YWWC
YWWS
YWU
YWUG
YWUJ
YWUE
YWUW
YWUU
YWUX
YWUL
YWUT
YWUY
YWUC
YWUS
YWX
YWXG
YWXJ
YWXE
YWXW
YWXU
YWXX
YWXL
YWXT
YWXY
YWXC
YWXS
YWL
YWLG
YWLJ
YWLE
YWLW
YWLU
YWLX
YWLL
YWLT
YWLY
YWLC
YWLS
YWT
YWTG
YWTJ
YWTE
YWTW
YWTU
YWTX
YWTL
YWTT
YWTY
YWTC
YWTS
YWY
YWYG
YWYJ
YWYE
YWYW
YWYU
YWYX
YWYL
YWYT
YWYY
YWYC
YWYS
YWC
YWCG
YWCJ
YWCE
YWCW
YWCU
YWCX
YWCL
YWCT
YWCY
YWCC
YWCS
YWS
YWSG
YWSJ
YWSE
YWSW
YWSU
YWSX
YWSL
YWST
YWSY
YWSC
YWSS
YU
YUG
YUGG
YUGJ
YUGE
YUGW
YUGU
YUGX
YUGL
YUGT
YUGY
YUGC
YUGS
YUJ
YUJG
YUJJ
YUJE
YUJW
YUJU
YUJX
YUJL
YUJT
YUJY
YUJC
YUJS
YUE
YUEG
YUEJ
YUEE
YUEW
YUEU
YUEX
YUEL
YUET
YUEY
YUEC
YUES
YUW
YUWG
YUWJ
YUWE
YUWW
YUWU
YUWX
YUWL
YUWT
YUWY
YUWC
YUWS
YUU
YUUG
YUUJ
YUUE
YUUW
YUUU
YUUX
YUUL
YUUT
YUUY
YUUC
YUUS
YUX
YUXG
YUXJ
YUXE
YUXW
YUXU
YUXX
YUXL
YUXT
YUXY
YUXC
YUXS
YUL
YULG
YULJ
YULE
YULW
YULU
YULX
YULL
YULT
YULY
YULC
YULS
YUT
YUTG
YUTJ
YUTE
YUTW
YUTU
YUTX
YUTL
YUTT
YUTY
YUTC
YUTS
YUY
YUYG
YUYJ
YUYE
YUYW
YUYU
YUYX
YUYL
YUYT
YUYY
YUYC
YUYS
YUC
YUCG
YUCJ
YUCE
YUCW
YUCU
YUCX
YUCL
YUCT
YUCY
YUCC
YUCS
YUS
YUSG
YUSJ
YUSE
YUSW
YUSU
YUSX
YUSL
YUST
YUSY
YUSC
YUSS
YX
YXG
YXGG
YXGJ
YXGE
YXGW
YXGU
YXGX
YXGL
YXGT
YXGY
YXGC
YXGS
YXJ
YXJG
YXJJ
YXJE
YXJW
YXJU
YXJX
YXJL
YXJT
YXJY
YXJC
YXJS
YXE
YXEG
YXEJ
YXEE
YXEW
YXEU
YXEX
YXEL
YXET
YXEY
YXEC
YXES
YXW
YXWG
YXWJ
YXWE
YXWW
YXWU
YXWX
YXWL
YXWT
YXWY
YXWC
YXWS
YXU
YXUG
YXUJ
YXUE
YXUW
YXUU
YXUX
YXUL
YXUT
YXUY
YXUC
YXUS
YXX
YXXG
YXXJ
YXXE
YXXW
YXXU
YXXX
YXXL
YXXT
YXXY
YXXC
YXXS
YXL
YXLG
YXLJ
YXLE
YXLW
YXLU
YXLX
YXLL
YXLT
YXLY
YXLC
YXLS
YXT
YXTG
YXTJ
YXTE
YXTW
YXTU
YXTX
YXTL
YXTT
YXTY
YXTC
YXTS
YXY
YXYG
YXYJ
YXYE
YXYW
YXYU
YXYX
YXYL
YXYT
YXYY
YXYC
YXYS
YXC
YXCG
YXCJ
YXCE
YXCW
YXCU
YXCX
YXCL
YXCT
YXCY
YXCC
YXCS
YXS
YXSG
YXSJ
YXSE
YXSW
YXSU
YXSX
YXSL
YXST
YXSY
YXSC
YXSS
YL
YLG
YLGG
YLGJ
YLGE
YLGW
YLGU
YLGX
YLGL
YLGT
YLGY
YLGC
YLGS
YLJ
YLJG
YLJJ
YLJE
YLJW
YLJU
YLJX
YLJL
YLJT
YLJY
YLJC
YLJS
YLE
YLEG
YLEJ
YLEE
YLEW
YLEU
YLEX
YLEL
YLET
YLEY
YLEC
YLES
YLW
YLWG
YLWJ
YLWE
YLWW
YLWU
YLWX
YLWL
YLWT
YLWY
YLWC
YLWS
YLU
YLUG
YLUJ
YLUE
YLUW
YLUU
YLUX
YLUL
YLUT
YLUY
YLUC
YLUS
YLX
YLXG
YLXJ
YLXE
YLXW
YLXU
YLXX
YLXL
YLXT
YLXY
YLXC
YLXS
YLL
YLLG
YLLJ
YLLE
YLLW
YLLU
YLLX
YLLL
YLLT
YLLY
YLLC
YLLS
YLT
YLTG
YLTJ
YLTE
YLTW
YLTU
YLTX
YLTL
YLTT
YLTY
YLTC
YLTS
YLY
YLYG
YLYJ
YLYE
YLYW
YLYU
YLYX
YLYL
YLYT
YLYY
YLYC
YLYS
YLC
YLCG
YLCJ
YLCE
YLCW
YLCU
YLCX
YLCL
YLCT
YLCY
YLCC
YLCS
YLS
YLSG
YLSJ
YLSE
YLSW
YLSU
YLSX
YLSL
YLST
YLSY
YLSC
YLSS
YT
YTG
YTGG
YTGJ
YTGE
YTGW
YTGU
YTGX
YTGL
YTGT
YTGY
YTGC
YTGS
YTJ
YTJG
YTJJ
YTJE
YTJW
YTJU
YTJX
YTJL
YTJT
YTJY
YTJC
YTJS
YTE
YTEG
YTEJ
YTEE
YTEW
YTEU
YTEX
YTEL
YTET
YTEY
YTEC
YTES
YTW
YTWG
YTWJ
YTWE
YTWW
YTWU
YTWX
YTWL
YTWT
YTWY
YTWC
YTWS
YTU
YTUG
YTUJ
YTUE
YTUW
YTUU
YTUX
YTUL
YTUT
YTUY
YTUC
YTUS
YTX
YTXG
YTXJ
YTXE
YTXW
YTXU
YTXX
YTXL
YTXT
YTXY
YTXC
YTXS
YTL
YTLG
YTLJ
YTLE
YTLW
YTLU
YTLX
YTLL
YTLT
YTLY
YTLC
YTLS
YTT
YTTG
YTTJ
YTTE
YTTW
YTTU
YTTX
YTTL
YTTT
YTTY
YTTC
YTTS
YTY
YTYG
YTYJ
YTYE
YTYW
YTYU
YTYX
YTYL
YTYT
YTYY
YTYC
YTYS
YTC
YTCG
YTCJ
YTCE
YTCW
YTCU
YTCX
YTCL
YTCT
YTCY
YTCC
YTCS
YTS
YTSG
YTSJ
YTSE
YTSW
YTSU
YTSX
YTSL
YTST
YTSY
YTSC
YTSS
YY
YYG
YYGG
YYGJ
YYGE
YYGW
YYGU
YYGX
YYGL
YYGT
YYGY
YYGC
YYGS
YYJ
YYJG
YYJJ
YYJE
YYJW
YYJU
YYJX
YYJL
YYJT
YYJY
YYJC
YYJS
YYE
YYEG
YYEJ
YYEE
YYEW
YYEU
YYEX
YYEL
YYET
YYEY
YYEC
YYES
YYW
YYWG
YYWJ
YYWE
YYWW
YYWU
YYWX
YYWL
YYWT
YYWY
YYWC
YYWS
YYU
YYUG
YYUJ
YYUE
YYUW
YYUU
YYUX
YYUL
YYUT
YYUY
YYUC
YYUS
YYX
YYXG
YYXJ
YYXE
YYXW
YYXU
YYXX
YYXL
YYXT
YYXY
YYXC
YYXS
YYL
YYLG
YYLJ
YYLE
YYLW
YYLU
YYLX
YYLL
YYLT
YYLY
YYLC
YYLS
YYT
YYTG
YYTJ
YYTE
YYTW
YYTU
YYTX
YYTL
YYTT
YYTY
YYTC
YYTS
YYY
YYYG
YYYJ
YYYE
YYYW
YYYU
YYYX
YYYL
YYYT
YYYY
YYYC
YYYS
YYC
YYCG
YYCJ
YYCE
YYCW
YYCU
YYCX
YYCL
YYCT
YYCY
YYCC
YYCS
YYS
YYSG
YYSJ
YYSE
YYSW
YYSU
YYSX
YYSL
YYST
YYSY
YYSC
YYSS
YC
YCG
YCGG
YCGJ
YCGE
YCGW
YCGU
YCGX
YCGL
YCGT
YCGY
YCGC
YCGS
YCJ
YCJG
YCJJ
YCJE
YCJW
YCJU
YCJX
YCJL
YCJT
YCJY
YCJC
YCJS
YCE
YCEG
YCEJ
YCEE
YCEW
YCEU
YCEX
YCEL
YCET
YCEY
YCEC
YCES
YCW
YCWG
YCWJ
YCWE
YCWW
YCWU
YCWX
YCWL
YCWT
YCWY
YCWC
YCWS
YCU
YCUG
YCUJ
YCUE
YCUW
YCUU
YCUX
YCUL
YCUT
YCUY
YCUC
YCUS
YCX
YCXG
YCXJ
YCXE
YCXW
YCXU
YCXX
YCXL
YCXT
YCXY
YCXC
YCXS
YCL
YCLG
YCLJ
YCLE
YCLW
YCLU
YCLX
YCLL
YCLT
YCLY
YCLC
YCLS
YCT
YCTG
YCTJ
YCTE
YCTW
YCTU
YCTX
YCTL
YCTT
YCTY
YCTC
YCTS
YCY
YCYG
YCYJ
YCYE
YCYW
YCYU
YCYX
YCYL
YCYT
YCYY
YCYC
YCYS
YCC
YCCG
YCCJ
YCCE
YCCW
YCCU
YCCX
YCCL
YCCT
YCCY
YCCC
YCCS
YCS
YCSG
YCSJ
YCSE
YCSW
YCSU
YCSX
YCSL
YCST
YCSY
YCSC
YCSS
YS
YSG
YSGG
YSGJ
YSGE
YSGW
YSGU
YSGX
YSGL
YSGT
YSGY
YSGC
YSGS
YSJ
YSJG
YSJJ
YSJE
YSJW
YSJU
YSJX
YSJL
YSJT
YSJY
YSJC
YSJS
YSE
YSEG
YSEJ
YSEE
YSEW
YSEU
YSEX
YSEL
YSET
YSEY
YSEC
YSES
YSW
YSWG
YSWJ
YSWE
YSWW
YSWU
YSWX
YSWL
YSWT
YSWY
YSWC
YSWS
YSU
YSUG
YSUJ
YSUE
YSUW
YSUU
YSUX
YSUL
YSUT
YSUY
YSUC
YSUS
YSX
YSXG
YSXJ
YSXE
YSXW
YSXU
YSXX
YSXL
YSXT
YSXY
YSXC
YSXS
YSL
YSLG
YSLJ
YSLE
YSLW
YSLU
YSLX
YSLL
YSLT
YSLY
YSLC
YSLS
YST
YSTG
YSTJ
YSTE
YSTW
YSTU
YSTX
YSTL
YSTT
YSTY
YSTC
YSTS
YSY
YSYG
YSYJ
YSYE
YSYW
YSYU
YSYX
YSYL
YSYT
YSYY
YSYC
YSYS
YSC
YSCG
YSCJ
YSCE
YSCW
YSCU
YSCX
YSCL
YSCT
YSCY
YSCC
YSCS
YSS
YSSG
YSSJ
YSSE
YSSW
YSSU
YSSX
YSSL
YSST
YSSY
YSSC
YSSS
C
CG
CGG
CGGG
CGGJ
CGGE
CGGW
CGGU
CGGX
CGGL
CGGT
CGGY
CGGC
CGGS
CGJ
CGJG
CGJJ
CGJE
CGJW
CGJU
CGJX
CGJL
CGJT
CGJY
CGJC
CGJS
CGE
CGEG
CGEJ
CGEE
CGEW
CGEU
CGEX
CGEL
CGET
CGEY
CGEC
CGES
CGW
CGWG
CGWJ
CGWE
CGWW
CGWU
CGWX
CGWL
CGWT
CGWY
CGWC
CGWS
CGU
CGUG
CGUJ
CGUE
CGUW
CGUU
CGUX
CGUL
CGUT
CGUY
CGUC
CGUS
CGX
CGXG
CGXJ
CGXE
CGXW
CGXU
CGXX
CGXL
CGXT
CGXY
CGXC
CGXS
CGL
CGLG
CGLJ
CGLE
CGLW
CGLU
CGLX
CGLL
CGLT
CGLY
CGLC
CGLS
CGT
CGTG
CGTJ
CGTE
CGTW
CGTU
CGTX
CGTL
CGTT
CGTY
CGTC
CGTS
CGY
CGYG
CGYJ
CGYE
CGYW
CGYU
CGYX
CGYL
CGYT
CGYY
CGYC
CGYS
CGC
CGCG
CGCJ
CGCE
CGCW
CGCU
CGCX
CGCL
CGCT
CGCY
CGCC
CGCS
CGS
CGSG
CGSJ
CGSE
CGSW
CGSU
CGSX
CGSL
CGST
CGSY
CGSC
CGSS
CJ
CJG
CJGG
CJGJ
CJGE
CJGW
CJGU
CJGX
CJGL
CJGT
CJGY
CJGC
CJGS
CJJ
CJJG
CJJJ
CJJE
CJJW
CJJU
CJJX
CJJL
CJJT
CJJY
CJJC
CJJS
CJE
CJEG
CJEJ
CJEE
CJEW
CJEU
CJEX
CJEL
CJET
CJEY
CJEC
CJES
CJW
CJWG
CJWJ
CJWE
CJWW
CJWU
CJWX
CJWL
CJWT
CJWY
CJWC
CJWS
CJU
CJUG
CJUJ
CJUE
CJUW
CJUU
CJUX
CJUL
CJUT
CJUY
CJUC
CJUS
CJX
CJXG
CJXJ
CJXE
CJXW
CJXU
CJXX
CJXL
CJXT
CJXY
CJXC
CJXS
CJL
CJLG
CJLJ
CJLE
CJLW
CJLU
CJLX
CJLL
CJLT
CJLY
CJLC
CJLS
CJT
CJTG
CJTJ
CJTE
CJTW
CJTU
CJTX
CJTL
CJTT
CJTY
CJTC
CJTS
CJY
CJYG
CJYJ
CJYE
CJYW
CJYU
CJYX
CJYL
CJYT
CJYY
CJYC
CJYS
CJC
CJCG
CJCJ
CJCE
CJCW
CJCU
CJCX
CJCL
CJCT
CJCY
CJCC
CJCS
CJS
CJSG
CJSJ
CJSE
CJSW
CJSU
CJSX
CJSL
CJST
CJSY
CJSC
CJSS
CE
CEG
CEGG
CEGJ
CEGE
CEGW
CEGU
CEGX
CEGL
CEGT
CEGY
CEGC
CEGS
CEJ
CEJG
CEJJ
CEJE
CEJW
CEJU
CEJX
CEJL
CEJT
CEJY
CEJC
CEJS
CEE
CEEG
CEEJ
CEEE
CEEW
CEEU
CEEX
CEEL
CEET
CEEY
CEEC
CEES
CEW
CEWG
CEWJ
CEWE
CEWW
CEWU
CEWX
CEWL
CEWT
CEWY
CEWC
CEWS
CEU
CEUG
CEUJ
CEUE
CEUW
CEUU
CEUX
CEUL
CEUT
CEUY
CEUC
CEUS
CEX
CEXG
CEXJ
CEXE
CEXW
CEXU
CEXX
CEXL
CEXT
CEXY
CEXC
CEXS
CEL
CELG
CELJ
CELE
CELW
CELU
CELX
CELL
CELT
CELY
CELC
CELS
CET
CETG
CETJ
CETE
CETW
CETU
CETX
CETL
CETT
CETY
CETC
CETS
CEY
CEYG
CEYJ
CEYE
CEYW
CEYU
CEYX
CEYL
CEYT
CEYY
CEYC
CEYS
CEC
CECG
CECJ
CECE
CECW
CECU
CECX
CECL
CECT
CECY
CECC
CECS
CES
CESG
CESJ
CESE
CESW
CESU
CESX
CESL
CEST
CESY
CESC
CESS
CW
CWG
CWGG
CWGJ
CWGE
CWGW
CWGU
CWGX
CWGL
CWGT
CWGY
CWGC
CWGS
CWJ
CWJG
CWJJ
CWJE
CWJW
CWJU
CWJX
CWJL
CWJT
CWJY
CWJC
CWJS
CWE
CWEG
CWEJ
CWEE
CWEW
CWEU
CWEX
CWEL
CWET
CWEY
CWEC
CWES
CWW
CWWG
CWWJ
CWWE
CWWW
CWWU
CWWX
CWWL
CWWT
CWWY
CWWC
CWWS
CWU
CWUG
CWUJ
CWUE
CWUW
CWUU
CWUX
CWUL
CWUT
CWUY
CWUC
CWUS
CWX
CWXG
CWXJ
CWXE
CWXW
CWXU
CWXX
CWXL
CWXT
CWXY
CWXC
CWXS
CWL
CWLG
CWLJ
CWLE
CWLW
CWLU
CWLX
CWLL
CWLT
CWLY
CWLC
CWLS
CWT
CWTG
CWTJ
CWTE
CWTW
CWTU
CWTX
CWTL
CWTT
CWTY
CWTC
CWTS
CWY
CWYG
CWYJ
CWYE
CWYW
CWYU
CWYX
CWYL
CWYT
CWYY
CWYC
CWYS
CWC
CWCG
CWCJ
CWCE
CWCW
CWCU
CWCX
CWCL
CWCT
CWCY
CWCC
CWCS
CWS
CWSG
CWSJ
CWSE
CWSW
CWSU
CWSX
CWSL
CWST
CWSY
CWSC
CWSS
CU
CUG
CUGG
CUGJ
CUGE
CUGW
CUGU
CUGX
CUGL
CUGT
CUGY
CUGC
CUGS
CUJ
CUJG
CUJJ
CUJE
CUJW
CUJU
CUJX
CUJL
CUJT
CUJY
CUJC
CUJS
CUE
CUEG
CUEJ
CUEE
CUEW
CUEU
CUEX
CUEL
CUET
CUEY
CUEC
CUES
CUW
CUWG
CUWJ
CUWE
CUWW
CUWU
CUWX
CUWL
CUWT
CUWY
CUWC
CUWS
CUU
CUUG
CUUJ
CUUE
CUUW
CUUU
CUUX
CUUL
CUUT
CUUY
CUUC
CUUS
CUX
CUXG
CUXJ
CUXE
CUXW
CUXU
CUXX
CUXL
CUXT
CUXY
CUXC
CUXS
CUL
CULG
CULJ
CULE
CULW
CULU
CULX
CULL
CULT
CULY
CULC
CULS
CUT
CUTG
CUTJ
CUTE
CUTW
CUTU
CUTX
CUTL
CUTT
CUTY
CUTC
CUTS
CUY
CUYG
CUYJ
CUYE
CUYW
CUYU
CUYX
CUYL
CUYT
CUYY
CUYC
CUYS
CUC
CUCG
CUCJ
CUCE
CUCW
CUCU
CUCX
CUCL
CUCT
CUCY
CUCC
CUCS
CUS
CUSG
CUSJ
CUSE
CUSW
CUSU
CUSX
CUSL
CUST
CUSY
CUSC
CUSS
CX
CXG
CXGG
CXGJ
CXGE
CXGW
CXGU
CXGX
CXGL
CXGT
CXGY
CXGC
CXGS
CXJ
CXJG
CXJJ
CXJE
CXJW
CXJU
CXJX
CXJL
CXJT
CXJY
CXJC
CXJS
CXE
CXEG
CXEJ
CXEE
CXEW
CXEU
CXEX
CXEL
CXET
CXEY
CXEC
CXES
CXW
CXWG
CXWJ
CXWE
CXWW
CXWU
CXWX
CXWL
CXWT
CXWY
CXWC
CXWS
CXU
CXUG
CXUJ
CXUE
CXUW
CXUU
CXUX
CXUL
CXUT
CXUY
CXUC
CXUS
CXX
CXXG
CXXJ
CXXE
CXXW
CXXU
CXXX
CXXL
CXXT
CXXY
CXXC
CXXS
CXL
CXLG
CXLJ
CXLE
CXLW
CXLU
CXLX
CXLL
CXLT
CXLY
CXLC
CXLS
CXT
CXTG
CXTJ
CXTE
CXTW
CXTU
CXTX
CXTL
CXTT
CXTY
CXTC
CXTS
CXY
CXYG
CXYJ
CXYE
CXYW
CXYU
CXYX
CXYL
CXYT
CXYY
CXYC
CXYS
CXC
CXCG
CXCJ
CXCE
CXCW
CXCU
CXCX
CXCL
CXCT
CXCY
CXCC
CXCS
CXS
CXSG
CXSJ
CXSE
CXSW
CXSU
CXSX
CXSL
CXST
CXSY
CXSC
CXSS
CL
CLG
CLGG
CLGJ
CLGE
CLGW
CLGU
CLGX
CLGL
CLGT
CLGY
CLGC
CLGS
CLJ
CLJG
CLJJ
CLJE
CLJW
CLJU
CLJX
CLJL
CLJT
CLJY
CLJC
CLJS
CLE
CLEG
CLEJ
CLEE
CLEW
CLEU
CLEX
CLEL
CLET
CLEY
CLEC
CLES
CLW
CLWG
CLWJ
CLWE
CLWW
CLWU
CLWX
CLWL
CLWT
CLWY
CLWC
CLWS
CLU
CLUG
CLUJ
CLUE
CLUW
CLUU
CLUX
CLUL
CLUT
CLUY
CLUC
CLUS
CLX
CLXG
CLXJ
CLXE
CLXW
CLXU
CLXX
CLXL
CLXT
CLXY
CLXC
CLXS
CLL
CLLG
CLLJ
CLLE
CLLW
CLLU
CLLX
CLLL
CLLT
CLLY
CLLC
CLLS
CLT
CLTG
CLTJ
CLTE
CLTW
CLTU
CLTX
CLTL
CLTT
CLTY
CLTC
CLTS
CLY
CLYG
CLYJ
CLYE
CLYW
CLYU
CLYX
CLYL
CLYT
CLYY
CLYC
CLYS
CLC
CLCG
CLCJ
CLCE
CLCW
CLCU
CLCX
CLCL
CLCT
CLCY
CLCC
CLCS
CLS
CLSG
CLSJ
CLSE
CLSW
CLSU
CLSX
CLSL
CLST
CLSY
CLSC
CLSS
CT
CTG
CTGG
CTGJ
CTGE
CTGW
CTGU
CTGX
CTGL
CTGT
CTGY
CTGC
CTGS
CTJ
CTJG
CTJJ
CTJE
CTJW
CTJU
CTJX
CTJL
CTJT
CTJY
CTJC
CTJS
CTE
CTEG
CTEJ
CTEE
CTEW
CTEU
CTEX
CTEL
CTET
CTEY
CTEC
CTES
CTW
CTWG
CTWJ
CTWE
CTWW
CTWU
CTWX
CTWL
CTWT
CTWY
CTWC
CTWS
CTU
CTUG
CTUJ
CTUE
CTUW
CTUU
CTUX
CTUL
CTUT
CTUY
CTUC
CTUS
CTX
CTXG
CTXJ
CTXE
CTXW
CTXU
CTXX
CTXL
CTXT
CTXY
CTXC
CTXS
CTL
CTLG
CTLJ
CTLE
CTLW
CTLU
CTLX
CTLL
CTLT
CTLY
CTLC
CTLS
CTT
CTTG
CTTJ
CTTE
CTTW
CTTU
CTTX
CTTL
CTTT
CTTY
CTTC
CTTS
CTY
CTYG
CTYJ
CTYE
CTYW
CTYU
CTYX
CTYL
CTYT
CTYY
CTYC
CTYS
CTC
CTCG
CTCJ
CTCE
CTCW
CTCU
CTCX
CTCL
CTCT
CTCY
CTCC
CTCS
CTS
CTSG
CTSJ
CTSE
CTSW
CTSU
CTSX
CTSL
CTST
CTSY
CTSC
CTSS
CY
CYG
CYGG
CYGJ
CYGE
CYGW
CYGU
CYGX
CYGL
CYGT
CYGY
CYGC
CYGS
CYJ
CYJG
CYJJ
CYJE
CYJW
CYJU
CYJX
CYJL
CYJT
CYJY
CYJC
CYJS
CYE
CYEG
CYEJ
CYEE
CYEW
CYEU
CYEX
CYEL
CYET
CYEY
CYEC
CYES
CYW
CYWG
CYWJ
CYWE
CYWW
CYWU
CYWX
CYWL
CYWT
CYWY
CYWC
CYWS
CYU
CYUG
CYUJ
CYUE
CYUW
CYUU
CYUX
CYUL
CYUT
CYUY
CYUC
CYUS
CYX
CYXG
CYXJ
CYXE
CYXW
CYXU
CYXX
CYXL
CYXT
CYXY
CYXC
CYXS
CYL
CYLG
CYLJ
CYLE
CYLW
CYLU
CYLX
CYLL
CYLT
CYLY
CYLC
CYLS
CYT
CYTG
CYTJ
CYTE
CYTW
CYTU
CYTX
CYTL
CYTT
CYTY
CYTC
CYTS
CYY
CYYG
CYYJ
CYYE
CYYW
CYYU
CYYX
CYYL
CYYT
CYYY
CYYC
CYYS
CYC
CYCG
CYCJ
CYCE
CYCW
CYCU
CYCX
CYCL
CYCT
CYCY
CYCC
CYCS
CYS
CYSG
CYSJ
CYSE
CYSW
CYSU
CYSX
CYSL
CYST
CYSY
CYSC
CYSS
CC
CCG
CCGG
CCGJ
CCGE
CCGW
CCGU
CCGX
CCGL
CCGT
CCGY
CCGC
CCGS
CCJ
CCJG
CCJJ
CCJE
CCJW
CCJU
CCJX
CCJL
CCJT
CCJY
CCJC
CCJS
CCE
CCEG
CCEJ
CCEE
CCEW
CCEU
CCEX
CCEL
CCET
CCEY
CCEC
CCES
CCW
CCWG
CCWJ
CCWE
CCWW
CCWU
CCWX
CCWL
CCWT
CCWY
CCWC
CCWS
CCU
CCUG
CCUJ
CCUE
CCUW
CCUU
CCUX
CCUL
CCUT
CCUY
CCUC
CCUS
CCX
CCXG
CCXJ
CCXE
CCXW
CCXU
CCXX
CCXL
CCXT
CCXY
CCXC
CCXS
CCL
CCLG
CCLJ
CCLE
CCLW
CCLU
CCLX
CCLL
CCLT
CCLY
CCLC
CCLS
CCT
CCTG
CCTJ
CCTE
CCTW
CCTU
CCTX
CCTL
CCTT
CCTY
CCTC
CCTS
CCY
CCYG
CCYJ
CCYE
CCYW
CCYU
CCYX
CCYL
CCYT
CCYY
CCYC
CCYS
CCC
CCCG
CCCJ
CCCE
CCCW
CCCU
CCCX
CCCL
CCCT
CCCY
CCCC
CCCS
CCS
CCSG
CCSJ
CCSE
CCSW
CCSU
CCSX
CCSL
CCST
CCSY
CCSC
CCSS
CS
CSG
CSGG
CSGJ
CSGE
CSGW
CSGU
CSGX
CSGL
CSGT
CSGY
CSGC
CSGS
CSJ
CSJG
CSJJ
CSJE
CSJW
CSJU
CSJX
CSJL
CSJT
CSJY
CSJC
CSJS
CSE
CSEG
CSEJ
CSEE
CSEW
CSEU
CSEX
CSEL
CSET
CSEY
CSEC
CSES
CSW
CSWG
CSWJ
CSWE
CSWW
CSWU
CSWX
CSWL
CSWT
CSWY
CSWC
CSWS
CSU
CSUG
CSUJ
CSUE
CSUW
CSUU
CSUX
CSUL
CSUT
CSUY
CSUC
CSUS
CSX
CSXG
CSXJ
CSXE
CSXW
CSXU
CSXX
CSXL
CSXT
CSXY
CSXC
CSXS
CSL
CSLG
CSLJ
CSLE
CSLW
CSLU
CSLX
CSLL
CSLT
CSLY
CSLC
CSLS
CST
CSTG
CSTJ
CSTE
CSTW
CSTU
CSTX
CSTL
CSTT
CSTY
CSTC
CSTS
CSY
CSYG
CSYJ
CSYE
CSYW
CSYU
CSYX
CSYL
CSYT
CSYY
CSYC
CSYS
CSC
CSCG
CSCJ
CSCE
CSCW
CSCU
CSCX
CSCL
CSCT
CSCY
CSCC
CSCS
CSS
CSSG
CSSJ
CSSE
CSSW
CSSU
CSSX
CSSL
CSST
CSSY
CSSC
CSSS
S
SG
SGG
SGGG
SGGJ
SGGE
SGGW
SGGU
SGGX
SGGL
SGGT
SGGY
SGGC
SGGS
SGJ
SGJG
SGJJ
SGJE
SGJW
SGJU
SGJX
SGJL
SGJT
SGJY
SGJC
SGJS
SGE
SGEG
SGEJ
SGEE
SGEW
SGEU
SGEX
SGEL
SGET
SGEY
SGEC
SGES
SGW
SGWG
SGWJ
SGWE
SGWW
SGWU
SGWX
SGWL
SGWT
SGWY
SGWC
SGWS
SGU
SGUG
SGUJ
SGUE
SGUW
SGUU
SGUX
SGUL
SGUT
SGUY
SGUC
SGUS
SGX
SGXG
SGXJ
SGXE
SGXW
SGXU
SGXX
SGXL
SGXT
SGXY
SGXC
SGXS
SGL
SGLG
SGLJ
SGLE
SGLW
SGLU
SGLX
SGLL
SGLT
SGLY
SGLC
SGLS
SGT
SGTG
SGTJ
SGTE
SGTW
SGTU
SGTX
SGTL
SGTT
SGTY
SGTC
SGTS
SGY
SGYG
SGYJ
SGYE
SGYW
SGYU
SGYX
SGYL
SGYT
SGYY
SGYC
SGYS
SGC
SGCG
SGCJ
SGCE
SGCW
SGCU
SGCX
SGCL
SGCT
SGCY
SGCC
SGCS
SGS
SGSG
SGSJ
SGSE
SGSW
SGSU
SGSX
SGSL
SGST
SGSY
SGSC
SGSS
SJ
SJG
SJGG
SJGJ
SJGE
SJGW
SJGU
SJGX
SJGL
SJGT
SJGY
SJGC
SJGS
SJJ
SJJG
SJJJ
SJJE
SJJW
SJJU
SJJX
SJJL
SJJT
SJJY
SJJC
SJJS
SJE
SJEG
SJEJ
SJEE
SJEW
SJEU
SJEX
SJEL
SJET
SJEY
SJEC
SJES
SJW
SJWG
SJWJ
SJWE
SJWW
SJWU
SJWX
SJWL
SJWT
SJWY
SJWC
SJWS
SJU
SJUG
SJUJ
SJUE
SJUW
SJUU
SJUX
SJUL
SJUT
SJUY
SJUC
SJUS
SJX
SJXG
SJXJ
SJXE
SJXW
SJXU
SJXX
SJXL
SJXT
SJXY
SJXC
SJXS
SJL
SJLG
SJLJ
SJLE
SJLW
SJLU
SJLX
SJLL
SJLT
SJLY
SJLC
SJLS
SJT
SJTG
SJTJ
SJTE
SJTW
SJTU
SJTX
SJTL
SJTT
SJTY
SJTC
SJTS
SJY
SJYG
SJYJ
SJYE
SJYW
SJYU
SJYX
SJYL
SJYT
SJYY
SJYC
SJYS
SJC
SJCG
SJCJ
SJCE
SJCW
SJCU
SJCX
SJCL
SJCT
SJCY
SJCC
SJCS
SJS
SJSG
SJSJ
SJSE
SJSW
SJSU
SJSX
SJSL
SJST
SJSY
SJSC
SJSS
SE
SEG
SEGG
SEGJ
SEGE
SEGW
SEGU
SEGX
SEGL
SEGT
SEGY
SEGC
SEGS
SEJ
SEJG
SEJJ
SEJE
SEJW
SEJU
SEJX
SEJL
SEJT
SEJY
SEJC
SEJS
SEE
SEEG
SEEJ
SEEE
SEEW
SEEU
SEEX
SEEL
SEET
SEEY
SEEC
SEES
SEW
SEWG
SEWJ
SEWE
SEWW
SEWU
SEWX
SEWL
SEWT
SEWY
SEWC
SEWS
SEU
SEUG
SEUJ
SEUE
SEUW
SEUU
SEUX
SEUL
SEUT
SEUY
SEUC
SEUS
SEX
SEXG
SEXJ
SEXE
SEXW
SEXU
SEXX
SEXL
SEXT
SEXY
SEXC
SEXS
SEL
SELG
SELJ
SELE
SELW
SELU
SELX
SELL
SELT
SELY
SELC
SELS
SET
SETG
SETJ
SETE
SETW
SETU
SETX
SETL
SETT
SETY
SETC
SETS
SEY
SEYG
SEYJ
SEYE
SEYW
SEYU
SEYX
SEYL
SEYT
SEYY
SEYC
SEYS
SEC
SECG
SECJ
SECE
SECW
SECU
SECX
SECL
SECT
SECY
SECC
SECS
SES
SESG
SESJ
SESE
SESW
SESU
SESX
SESL
SEST
SESY
SESC
SESS
SW
SWG
SWGG
SWGJ
SWGE
SWGW
SWGU
SWGX
SWGL
SWGT
SWGY
SWGC
SWGS
SWJ
SWJG
SWJJ
SWJE
SWJW
SWJU
SWJX
SWJL
SWJT
SWJY
SWJC
SWJS
SWE
SWEG
SWEJ
SWEE
SWEW
SWEU
SWEX
SWEL
SWET
SWEY
SWEC
SWES
SWW
SWWG
SWWJ
SWWE
SWWW
SWWU
SWWX
SWWL
SWWT
SWWY
SWWC
SWWS
SWU
SWUG
SWUJ
SWUE
SWUW
SWUU
SWUX
SWUL
SWUT
SWUY
SWUC
SWUS
SWX
SWXG
SWXJ
SWXE
SWXW
SWXU
SWXX
SWXL
SWXT
SWXY
SWXC
SWXS
SWL
SWLG
SWLJ
SWLE
SWLW
SWLU
SWLX
SWLL
SWLT
SWLY
SWLC
SWLS
SWT
SWTG
SWTJ
SWTE
SWTW
SWTU
SWTX
SWTL
SWTT
SWTY
SWTC
SWTS
SWY
SWYG
SWYJ
SWYE
SWYW
SWYU
SWYX
SWYL
SWYT
SWYY
SWYC
SWYS
SWC
SWCG
SWCJ
SWCE
SWCW
SWCU
SWCX
SWCL
SWCT
SWCY
SWCC
SWCS
SWS
SWSG
SWSJ
SWSE
SWSW
SWSU
SWSX
SWSL
SWST
SWSY
SWSC
SWSS
SU
SUG
SUGG
SUGJ
SUGE
SUGW
SUGU
SUGX
SUGL
SUGT
SUGY
SUGC
SUGS
SUJ
SUJG
SUJJ
SUJE
SUJW
SUJU
SUJX
SUJL
SUJT
SUJY
SUJC
SUJS
SUE
SUEG
SUEJ
SUEE
SUEW
SUEU
SUEX
SUEL
SUET
SUEY
SUEC
SUES
SUW
SUWG
SUWJ
SUWE
SUWW
SUWU
SUWX
SUWL
SUWT
SUWY
SUWC
SUWS
SUU
SUUG
SUUJ
SUUE
SUUW
SUUU
SUUX
SUUL
SUUT
SUUY
SUUC
SUUS
SUX
SUXG
SUXJ
SUXE
SUXW
SUXU
SUXX
SUXL
SUXT
SUXY
SUXC
SUXS
SUL
SULG
SULJ
SULE
SULW
SULU
SULX
SULL
SULT
SULY
SULC
SULS
SUT
SUTG
SUTJ
SUTE
SUTW
SUTU
SUTX
SUTL
SUTT
SUTY
SUTC
SUTS
SUY
SUYG
SUYJ
SUYE
SUYW
SUYU
SUYX
SUYL
SUYT
SUYY
SUYC
SUYS
SUC
SUCG
SUCJ
SUCE
SUCW
SUCU
SUCX
SUCL
SUCT
SUCY
SUCC
SUCS
SUS
SUSG
SUSJ
SUSE
SUSW
SUSU
SUSX
SUSL
SUST
SUSY
SUSC
SUSS
SX
SXG
SXGG
SXGJ
SXGE
SXGW
SXGU
SXGX
SXGL
SXGT
SXGY
SXGC
SXGS
SXJ
SXJG
SXJJ
SXJE
SXJW
SXJU
SXJX
SXJL
SXJT
SXJY
SXJC
SXJS
SXE
SXEG
SXEJ
SXEE
SXEW
SXEU
SXEX
SXEL
SXET
SXEY
SXEC
SXES
SXW
SXWG
SXWJ
SXWE
SXWW
SXWU
SXWX
SXWL
SXWT
SXWY
SXWC
SXWS
SXU
SXUG
SXUJ
SXUE
SXUW
SXUU
SXUX
SXUL
SXUT
SXUY
SXUC
SXUS
SXX
SXXG
SXXJ
SXXE
SXXW
SXXU
SXXX
SXXL
SXXT
SXXY
SXXC
SXXS
SXL
SXLG
SXLJ
SXLE
SXLW
SXLU
SXLX
SXLL
SXLT
SXLY
SXLC
SXLS
SXT
SXTG
SXTJ
SXTE
SXTW
SXTU
SXTX
SXTL
SXTT
SXTY
SXTC
SXTS
SXY
SXYG
SXYJ
SXYE
SXYW
SXYU
SXYX
SXYL
SXYT
SXYY
SXYC
SXYS
SXC
SXCG
SXCJ
SXCE
SXCW
SXCU
SXCX
SXCL
SXCT
SXCY
SXCC
SXCS
SXS
SXSG
SXSJ
SXSE
SXSW
SXSU
SXSX
SXSL
SXST
SXSY
SXSC
SXSS
SL
SLG
SLGG
SLGJ
SLGE
SLGW
SLGU
SLGX
SLGL
SLGT
SLGY
SLGC
SLGS
SLJ
SLJG
SLJJ
SLJE
SLJW
SLJU
SLJX
SLJL
SLJT
SLJY
SLJC
SLJS
SLE
SLEG
SLEJ
SLEE
SLEW
SLEU
SLEX
SLEL
SLET
SLEY
SLEC
SLES
SLW
SLWG
SLWJ
SLWE
SLWW
SLWU
SLWX
SLWL
SLWT
SLWY
SLWC
SLWS
SLU
SLUG
SLUJ
SLUE
SLUW
SLUU
SLUX
SLUL
SLUT
SLUY
SLUC
SLUS
SLX
SLXG
SLXJ
SLXE
SLXW
SLXU
SLXX
SLXL
SLXT
SLXY
SLXC
SLXS
SLL
SLLG
SLLJ
SLLE
SLLW
SLLU
SLLX
SLLL
SLLT
SLLY
SLLC
SLLS
SLT
SLTG
SLTJ
SLTE
SLTW
SLTU
SLTX
SLTL
SLTT
SLTY
SLTC
SLTS
SLY
SLYG
SLYJ
SLYE
SLYW
SLYU
SLYX
SLYL
SLYT
SLYY
SLYC
SLYS
SLC
SLCG
SLCJ
SLCE
SLCW
SLCU
SLCX
SLCL
SLCT
SLCY
SLCC
SLCS
SLS
SLSG
SLSJ
SLSE
SLSW
SLSU
SLSX
SLSL
SLST
SLSY
SLSC
SLSS
ST
STG
STGG
STGJ
STGE
STGW
STGU
STGX
STGL
STGT
STGY
STGC
STGS
STJ
STJG
STJJ
STJE
STJW
STJU
STJX
STJL
STJT
STJY
STJC
STJS
STE
STEG
STEJ
STEE
STEW
STEU
STEX
STEL
STET
STEY
STEC
STES
STW
STWG
STWJ
STWE
STWW
STWU
STWX
STWL
STWT
STWY
STWC
STWS
STU
STUG
STUJ
STUE
STUW
STUU
STUX
STUL
STUT
STUY
STUC
STUS
STX
STXG
STXJ
STXE
STXW
STXU
STXX
STXL
STXT
STXY
STXC
STXS
STL
STLG
STLJ
STLE
STLW
STLU
STLX
STLL
STLT
STLY
STLC
STLS
STT
STTG
STTJ
STTE
STTW
STTU
STTX
STTL
STTT
STTY
STTC
STTS
STY
STYG
STYJ
STYE
STYW
STYU
STYX
STYL
STYT
STYY
STYC
STYS
STC
STCG
STCJ
STCE
STCW
STCU
STCX
STCL
STCT
STCY
STCC
STCS
STS
STSG
STSJ
STSE
STSW
STSU
STSX
STSL
STST
STSY
STSC
STSS
SY
SYG
SYGG
SYGJ
SYGE
SYGW
SYGU
SYGX
SYGL
SYGT
SYGY
SYGC
SYGS
SYJ
SYJG
SYJJ
SYJE
SYJW
SYJU
SYJX
SYJL
SYJT
SYJY
SYJC
SYJS
SYE
SYEG
SYEJ
SYEE
SYEW
SYEU
SYEX
SYEL
SYET
SYEY
SYEC
SYES
SYW
SYWG
SYWJ
SYWE
SYWW
SYWU
SYWX
SYWL
SYWT
SYWY
SYWC
SYWS
SYU
SYUG
SYUJ
SYUE
SYUW
SYUU
SYUX
SYUL
SYUT
SYUY
SYUC
SYUS
SYX
SYXG
SYXJ
SYXE
SYXW
SYXU
SYXX
SYXL
SYXT
SYXY
SYXC
SYXS
SYL
SYLG
SYLJ
SYLE
SYLW
SYLU
SYLX
SYLL
SYLT
SYLY
SYLC
SYLS
SYT
SYTG
SYTJ
SYTE
SYTW
SYTU
SYTX
SYTL
SYTT
SYTY
SYTC
SYTS
SYY
SYYG
SYYJ
SYYE
SYYW
SYYU
SYYX
SYYL
SYYT
SYYY
SYYC
SYYS
SYC
SYCG
SYCJ
SYCE
SYCW
SYCU
SYCX
SYCL
SYCT
SYCY
SYCC
SYCS
SYS
SYSG
SYSJ
SYSE
SYSW
SYSU
SYSX
SYSL
SYST
SYSY
SYSC
SYSS
SC
SCG
SCGG
SCGJ
SCGE
SCGW
SCGU
SCGX
SCGL
SCGT
SCGY
SCGC
SCGS
SCJ
SCJG
SCJJ
SCJE
SCJW
SCJU
SCJX
SCJL
SCJT
SCJY
SCJC
SCJS
SCE
SCEG
SCEJ
SCEE
SCEW
SCEU
SCEX
SCEL
SCET
SCEY
SCEC
SCES
SCW
SCWG
SCWJ
SCWE
SCWW
SCWU
SCWX
SCWL
SCWT
SCWY
SCWC
SCWS
SCU
SCUG
SCUJ
SCUE
SCUW
SCUU
SCUX
SCUL
SCUT
SCUY
SCUC
SCUS
SCX
SCXG
SCXJ
SCXE
SCXW
SCXU
SCXX
SCXL
SCXT
SCXY
SCXC
SCXS
SCL
SCLG
SCLJ
SCLE
SCLW
SCLU
SCLX
SCLL
SCLT
SCLY
SCLC
SCLS
SCT
SCTG
SCTJ
SCTE
SCTW
SCTU
SCTX
SCTL
SCTT
SCTY
SCTC
SCTS
SCY
SCYG
SCYJ
SCYE
SCYW
SCYU
SCYX
SCYL
SCYT
SCYY
SCYC
SCYS
SCC
SCCG
SCCJ
SCCE
SCCW
SCCU
SCCX
SCCL
SCCT
SCCY
SCCC
SCCS
SCS
SCSG
SCSJ
SCSE
SCSW
SCSU
SCSX
SCSL
SCST
SCSY
SCSC
SCSS
SS
SSG
SSGG
SSGJ
SSGE
SSGW
SSGU
SSGX
SSGL
SSGT
SSGY
SSGC
SSGS
SSJ
SSJG
SSJJ
SSJE
SSJW
SSJU
SSJX
SSJL
SSJT
SSJY
SSJC
SSJS
SSE
SSEG
SSEJ
SSEE
SSEW
SSEU
SSEX
SSEL
SSET
SSEY
SSEC
SSES
SSW
SSWG
SSWJ
SSWE
SSWW
SSWU
SSWX
SSWL
SSWT
SSWY
SSWC
SSWS
SSU
SSUG
SSUJ
SSUE
SSUW
SSUU
SSUX
SSUL
SSUT
SSUY
SSUC
SSUS
SSX
SSXG
SSXJ
SSXE
SSXW
SSXU
SSXX
SSXL
SSXT
SSXY
SSXC
SSXS
SSL
SSLG
SSLJ
SSLE
SSLW
SSLU
SSLX
SSLL
SSLT
SSLY
SSLC
SSLS
SST
SSTG
SSTJ
SSTE
SSTW
SSTU
SSTX
SSTL
SSTT
SSTY
SSTC
SSTS
SSY
SSYG
SSYJ
SSYE
SSYW
SSYU
SSYX
SSYL
SSYT
SSYY
SSYC
SSYS
SSC
SSCG
SSCJ
SSCE
SSCW
SSCU
SSCX
SSCL
SSCT
SSCY
SSCC
SSCS
SSS
SSSG
SSSJ
SSSE
SSSW
SSSU
SSSX
SSSL
SSST
SSSY
SSSC
SSSS
